[2026-05-05T13:14:39.131+0000] {local_task_job_runner.py:120} INFO - ::group::Pre task execution logs
[2026-05-05T13:14:39.168+0000] {taskinstance.py:2076} INFO - Dependencies all met for dep_context=non-requeueable deps ti=<TaskInstance: weather_etl_pipeline.load manual__2026-05-05T13:04:14.895765+00:00 [queued]>
[2026-05-05T13:14:39.181+0000] {taskinstance.py:2076} INFO - Dependencies all met for dep_context=requeueable deps ti=<TaskInstance: weather_etl_pipeline.load manual__2026-05-05T13:04:14.895765+00:00 [queued]>
[2026-05-05T13:14:39.182+0000] {taskinstance.py:2306} INFO - Starting attempt 2 of 3
[2026-05-05T13:14:39.201+0000] {taskinstance.py:2330} INFO - Executing <Task(PythonOperator): load> on 2026-05-05 13:04:14.895765+00:00
[2026-05-05T13:14:39.209+0000] {warnings.py:110} WARNING - /home/***/.local/lib/python3.12/site-packages/***/task/task_runner/standard_task_runner.py:61: DeprecationWarning: This process (pid=979) is multi-threaded, use of fork() may lead to deadlocks in the child.
  pid = os.fork()

[2026-05-05T13:14:39.211+0000] {standard_task_runner.py:90} INFO - Running: ['***', 'tasks', 'run', 'weather_etl_pipeline', 'load', 'manual__2026-05-05T13:04:14.895765+00:00', '--job-id', '51', '--raw', '--subdir', 'DAGS_FOLDER/etl_dags.py', '--cfg-path', '/tmp/tmpa51iffyu']
[2026-05-05T13:14:39.212+0000] {standard_task_runner.py:63} INFO - Started process 996 to run task
[2026-05-05T13:14:39.213+0000] {standard_task_runner.py:91} INFO - Job 51: Subtask load
[2026-05-05T13:14:39.269+0000] {task_command.py:426} INFO - Running <TaskInstance: weather_etl_pipeline.load manual__2026-05-05T13:04:14.895765+00:00 [running]> on host 400974db6468
[2026-05-05T13:14:39.377+0000] {taskinstance.py:2648} INFO - Exporting env vars: AIRFLOW_CTX_DAG_OWNER='***' AIRFLOW_CTX_DAG_ID='weather_etl_pipeline' AIRFLOW_CTX_TASK_ID='load' AIRFLOW_CTX_EXECUTION_DATE='2026-05-05T13:04:14.895765+00:00' AIRFLOW_CTX_TRY_NUMBER='2' AIRFLOW_CTX_DAG_RUN_ID='manual__2026-05-05T13:04:14.895765+00:00'
[2026-05-05T13:14:39.379+0000] {taskinstance.py:430} INFO - ::endgroup::
[2026-05-05T13:14:39.423+0000] {logging_mixin.py:188} INFO - Rows in weather table: 31
[2026-05-05T13:14:39.434+0000] {python.py:237} INFO - Done. Returned value was: None
[2026-05-05T13:14:39.435+0000] {taskinstance.py:441} INFO - ::group::Post task execution logs
[2026-05-05T13:14:39.446+0000] {taskinstance.py:1206} INFO - Marking task as SUCCESS. dag_id=weather_etl_pipeline, task_id=load, run_id=manual__2026-05-05T13:04:14.895765+00:00, execution_date=20260505T130414, start_date=20260505T131439, end_date=20260505T131439
[2026-05-05T13:14:39.469+0000] {local_task_job_runner.py:240} INFO - Task exited with return code 0
[2026-05-05T13:14:39.495+0000] {taskinstance.py:3498} INFO - 0 downstream tasks scheduled from follow-on schedule check
[2026-05-05T13:14:39.499+0000] {local_task_job_runner.py:222} INFO - ::endgroup::
