[2026-05-05T13:09:35.642+0000] {local_task_job_runner.py:120} INFO - ::group::Pre task execution logs
[2026-05-05T13:09:35.750+0000] {taskinstance.py:2076} INFO - Dependencies all met for dep_context=non-requeueable deps ti=<TaskInstance: weather_etl_pipeline.load manual__2026-05-05T13:04:14.895765+00:00 [queued]>
[2026-05-05T13:09:35.791+0000] {taskinstance.py:2076} INFO - Dependencies all met for dep_context=requeueable deps ti=<TaskInstance: weather_etl_pipeline.load manual__2026-05-05T13:04:14.895765+00:00 [queued]>
[2026-05-05T13:09:35.793+0000] {taskinstance.py:2306} INFO - Starting attempt 1 of 3
[2026-05-05T13:09:35.859+0000] {taskinstance.py:2330} INFO - Executing <Task(PythonOperator): load> on 2026-05-05 13:04:14.895765+00:00
[2026-05-05T13:09:35.889+0000] {warnings.py:110} WARNING - /home/***/.local/lib/python3.12/site-packages/***/task/task_runner/standard_task_runner.py:61: DeprecationWarning: This process (pid=731) is multi-threaded, use of fork() may lead to deadlocks in the child.
  pid = os.fork()

[2026-05-05T13:09:35.896+0000] {standard_task_runner.py:63} INFO - Started process 748 to run task
[2026-05-05T13:09:35.898+0000] {standard_task_runner.py:90} INFO - Running: ['***', 'tasks', 'run', 'weather_etl_pipeline', 'load', 'manual__2026-05-05T13:04:14.895765+00:00', '--job-id', '43', '--raw', '--subdir', 'DAGS_FOLDER/etl_dags.py', '--cfg-path', '/tmp/tmp3s8tija9']
[2026-05-05T13:09:35.904+0000] {standard_task_runner.py:91} INFO - Job 43: Subtask load
[2026-05-05T13:09:36.077+0000] {task_command.py:426} INFO - Running <TaskInstance: weather_etl_pipeline.load manual__2026-05-05T13:04:14.895765+00:00 [running]> on host 400974db6468
[2026-05-05T13:09:36.398+0000] {taskinstance.py:2648} INFO - Exporting env vars: AIRFLOW_CTX_DAG_OWNER='***' AIRFLOW_CTX_DAG_ID='weather_etl_pipeline' AIRFLOW_CTX_TASK_ID='load' AIRFLOW_CTX_EXECUTION_DATE='2026-05-05T13:04:14.895765+00:00' AIRFLOW_CTX_TRY_NUMBER='1' AIRFLOW_CTX_DAG_RUN_ID='manual__2026-05-05T13:04:14.895765+00:00'
[2026-05-05T13:09:36.406+0000] {taskinstance.py:430} INFO - ::endgroup::
[2026-05-05T13:09:36.419+0000] {taskinstance.py:441} INFO - ::group::Post task execution logs
[2026-05-05T13:09:36.423+0000] {taskinstance.py:2905} ERROR - Task failed with exception
Traceback (most recent call last):
  File "/home/airflow/.local/lib/python3.12/site-packages/airflow/models/taskinstance.py", line 465, in _execute_task
    result = _execute_callable(context=context, **execute_callable_kwargs)
             ^^^^^^^^^^^^^^^^^^^^^^^^^^^^^^^^^^^^^^^^^^^^^^^^^^^^^^^^^^^^^
  File "/home/airflow/.local/lib/python3.12/site-packages/airflow/models/taskinstance.py", line 432, in _execute_callable
    return execute_callable(context=context, **execute_callable_kwargs)
           ^^^^^^^^^^^^^^^^^^^^^^^^^^^^^^^^^^^^^^^^^^^^^^^^^^^^^^^^^^^^
  File "/home/airflow/.local/lib/python3.12/site-packages/airflow/models/baseoperator.py", line 400, in wrapper
    return func(self, *args, **kwargs)
           ^^^^^^^^^^^^^^^^^^^^^^^^^^^
  File "/home/airflow/.local/lib/python3.12/site-packages/airflow/operators/python.py", line 235, in execute
    return_value = self.execute_callable()
                   ^^^^^^^^^^^^^^^^^^^^^^^
  File "/home/airflow/.local/lib/python3.12/site-packages/airflow/operators/python.py", line 252, in execute_callable
    return self.python_callable(*self.op_args, **self.op_kwargs)
           ^^^^^^^^^^^^^^^^^^^^^^^^^^^^^^^^^^^^^^^^^^^^^^^^^^^^^
  File "/opt/airflow/scripts/load.py", line 5, in load
    df = pd.read_csv("data/daily_weather_data.csv")
         ^^^^^^^^^^^^^^^^^^^^^^^^^^^^^^^^^^^^^^^^^^
  File "/home/airflow/.local/lib/python3.12/site-packages/pandas/io/parsers/readers.py", line 948, in read_csv
    return _read(filepath_or_buffer, kwds)
           ^^^^^^^^^^^^^^^^^^^^^^^^^^^^^^^
  File "/home/airflow/.local/lib/python3.12/site-packages/pandas/io/parsers/readers.py", line 611, in _read
    parser = TextFileReader(filepath_or_buffer, **kwds)
             ^^^^^^^^^^^^^^^^^^^^^^^^^^^^^^^^^^^^^^^^^^
  File "/home/airflow/.local/lib/python3.12/site-packages/pandas/io/parsers/readers.py", line 1448, in __init__
    self._engine = self._make_engine(f, self.engine)
                   ^^^^^^^^^^^^^^^^^^^^^^^^^^^^^^^^^
  File "/home/airflow/.local/lib/python3.12/site-packages/pandas/io/parsers/readers.py", line 1705, in _make_engine
    self.handles = get_handle(
                   ^^^^^^^^^^^
  File "/home/airflow/.local/lib/python3.12/site-packages/pandas/io/common.py", line 863, in get_handle
    handle = open(
             ^^^^^
FileNotFoundError: [Errno 2] No such file or directory: 'data/daily_weather_data.csv'
[2026-05-05T13:09:36.484+0000] {taskinstance.py:1206} INFO - Marking task as UP_FOR_RETRY. dag_id=weather_etl_pipeline, task_id=load, run_id=manual__2026-05-05T13:04:14.895765+00:00, execution_date=20260505T130414, start_date=20260505T130935, end_date=20260505T130936
[2026-05-05T13:09:36.537+0000] {standard_task_runner.py:110} ERROR - Failed to execute job 43 for task load ([Errno 2] No such file or directory: 'data/daily_weather_data.csv'; 748)
[2026-05-05T13:09:36.563+0000] {local_task_job_runner.py:240} INFO - Task exited with return code 1
[2026-05-05T13:09:36.630+0000] {taskinstance.py:3498} INFO - 0 downstream tasks scheduled from follow-on schedule check
[2026-05-05T13:09:36.636+0000] {local_task_job_runner.py:222} INFO - ::endgroup::
