[2026-05-06T15:33:47.043+0000] {local_task_job_runner.py:120} INFO - ::group::Pre task execution logs
[2026-05-06T15:33:47.064+0000] {taskinstance.py:2076} INFO - Dependencies all met for dep_context=non-requeueable deps ti=<TaskInstance: weather_etl_pipeline.transform scheduled__2026-05-06T14:00:00+00:00 [queued]>
[2026-05-06T15:33:47.071+0000] {taskinstance.py:2076} INFO - Dependencies all met for dep_context=requeueable deps ti=<TaskInstance: weather_etl_pipeline.transform scheduled__2026-05-06T14:00:00+00:00 [queued]>
[2026-05-06T15:33:47.071+0000] {taskinstance.py:2306} INFO - Starting attempt 1 of 3
[2026-05-06T15:33:47.086+0000] {taskinstance.py:2330} INFO - Executing <Task(PythonOperator): transform> on 2026-05-06 14:00:00+00:00
[2026-05-06T15:33:47.092+0000] {warnings.py:110} WARNING - /home/***/.local/lib/python3.12/site-packages/***/task/task_runner/standard_task_runner.py:61: DeprecationWarning: This process (pid=176) is multi-threaded, use of fork() may lead to deadlocks in the child.
  pid = os.fork()

[2026-05-06T15:33:47.094+0000] {standard_task_runner.py:90} INFO - Running: ['***', 'tasks', 'run', 'weather_etl_pipeline', 'transform', 'scheduled__2026-05-06T14:00:00+00:00', '--job-id', '57', '--raw', '--subdir', 'DAGS_FOLDER/etl_dags.py', '--cfg-path', '/tmp/tmphcbtteh0']
[2026-05-06T15:33:47.095+0000] {standard_task_runner.py:63} INFO - Started process 210 to run task
[2026-05-06T15:33:47.095+0000] {standard_task_runner.py:91} INFO - Job 57: Subtask transform
[2026-05-06T15:33:47.145+0000] {task_command.py:426} INFO - Running <TaskInstance: weather_etl_pipeline.transform scheduled__2026-05-06T14:00:00+00:00 [running]> on host 8b3371edf3c5
[2026-05-06T15:33:47.238+0000] {taskinstance.py:2648} INFO - Exporting env vars: AIRFLOW_CTX_DAG_OWNER='***' AIRFLOW_CTX_DAG_ID='weather_etl_pipeline' AIRFLOW_CTX_TASK_ID='transform' AIRFLOW_CTX_EXECUTION_DATE='2026-05-06T14:00:00+00:00' AIRFLOW_CTX_TRY_NUMBER='1' AIRFLOW_CTX_DAG_RUN_ID='scheduled__2026-05-06T14:00:00+00:00'
[2026-05-06T15:33:47.240+0000] {taskinstance.py:430} INFO - ::endgroup::
[2026-05-06T15:33:47.268+0000] {python.py:237} INFO - Done. Returned value was:          date T_moyenne
0  2026-05-06     12.01
[2026-05-06T15:33:47.275+0000] {taskinstance.py:441} INFO - ::group::Post task execution logs
[2026-05-06T15:33:47.310+0000] {taskinstance.py:1206} INFO - Marking task as SUCCESS. dag_id=weather_etl_pipeline, task_id=transform, run_id=scheduled__2026-05-06T14:00:00+00:00, execution_date=20260506T140000, start_date=20260506T153347, end_date=20260506T153347
[2026-05-06T15:33:47.355+0000] {local_task_job_runner.py:240} INFO - Task exited with return code 0
[2026-05-06T15:33:47.380+0000] {taskinstance.py:3498} INFO - 1 downstream tasks scheduled from follow-on schedule check
[2026-05-06T15:33:47.382+0000] {local_task_job_runner.py:222} INFO - ::endgroup::
