[2026-05-06T20:00:01.884+0000] {local_task_job_runner.py:120} INFO - ::group::Pre task execution logs
[2026-05-06T20:00:01.900+0000] {taskinstance.py:2076} INFO - Dependencies all met for dep_context=non-requeueable deps ti=<TaskInstance: weather_etl_pipeline.extract scheduled__2026-05-06T19:00:00+00:00 [queued]>
[2026-05-06T20:00:01.906+0000] {taskinstance.py:2076} INFO - Dependencies all met for dep_context=requeueable deps ti=<TaskInstance: weather_etl_pipeline.extract scheduled__2026-05-06T19:00:00+00:00 [queued]>
[2026-05-06T20:00:01.907+0000] {taskinstance.py:2306} INFO - Starting attempt 1 of 3
[2026-05-06T20:00:01.917+0000] {taskinstance.py:2330} INFO - Executing <Task(PythonOperator): extract> on 2026-05-06 19:00:00+00:00
[2026-05-06T20:00:01.923+0000] {warnings.py:110} WARNING - /home/***/.local/lib/python3.12/site-packages/***/task/task_runner/standard_task_runner.py:61: DeprecationWarning: This process (pid=1244) is multi-threaded, use of fork() may lead to deadlocks in the child.
  pid = os.fork()

[2026-05-06T20:00:01.925+0000] {standard_task_runner.py:63} INFO - Started process 1268 to run task
[2026-05-06T20:00:01.925+0000] {standard_task_runner.py:90} INFO - Running: ['***', 'tasks', 'run', 'weather_etl_pipeline', 'extract', 'scheduled__2026-05-06T19:00:00+00:00', '--job-id', '102', '--raw', '--subdir', 'DAGS_FOLDER/etl_dags.py', '--cfg-path', '/tmp/tmp2ch3ftot']
[2026-05-06T20:00:01.926+0000] {standard_task_runner.py:91} INFO - Job 102: Subtask extract
[2026-05-06T20:00:01.971+0000] {task_command.py:426} INFO - Running <TaskInstance: weather_etl_pipeline.extract scheduled__2026-05-06T19:00:00+00:00 [running]> on host 71a2df353973
[2026-05-06T20:00:02.051+0000] {taskinstance.py:2648} INFO - Exporting env vars: AIRFLOW_CTX_DAG_OWNER='***' AIRFLOW_CTX_DAG_ID='weather_etl_pipeline' AIRFLOW_CTX_TASK_ID='extract' AIRFLOW_CTX_EXECUTION_DATE='2026-05-06T19:00:00+00:00' AIRFLOW_CTX_TRY_NUMBER='1' AIRFLOW_CTX_DAG_RUN_ID='scheduled__2026-05-06T19:00:00+00:00'
[2026-05-06T20:00:02.053+0000] {taskinstance.py:430} INFO - ::endgroup::
[2026-05-06T20:00:02.056+0000] {warnings.py:110} WARNING - /home/***/.local/lib/python3.12/site-packages/***/utils/context.py:320: AirflowContextDeprecationWarning: Accessing 'prev_ds' from the template is deprecated and will be removed in a future version.
  warnings.warn(_create_deprecation_warning(k, replacements))

[2026-05-06T20:00:02.229+0000] {python.py:237} INFO - Done. Returned value was:                 time  temperature_2m
0   2026-05-06T00:00            10.6
1   2026-05-06T01:00            10.4
2   2026-05-06T02:00            10.9
3   2026-05-06T03:00            10.9
4   2026-05-06T04:00            10.9
5   2026-05-06T05:00            10.9
6   2026-05-06T06:00            10.8
7   2026-05-06T07:00            10.4
8   2026-05-06T08:00            10.5
9   2026-05-06T09:00            10.9
10  2026-05-06T10:00            12.0
11  2026-05-06T11:00            13.1
12  2026-05-06T12:00            14.9
13  2026-05-06T13:00            14.1
14  2026-05-06T14:00            12.9
15  2026-05-06T15:00            13.9
16  2026-05-06T16:00            14.1
17  2026-05-06T17:00            14.1
18  2026-05-06T18:00            13.9
19  2026-05-06T19:00            12.5
20  2026-05-06T20:00            11.6
21  2026-05-06T21:00            10.8
22  2026-05-06T22:00             9.8
23  2026-05-06T23:00             9.2
[2026-05-06T20:00:02.241+0000] {taskinstance.py:441} INFO - ::group::Post task execution logs
[2026-05-06T20:00:02.283+0000] {taskinstance.py:1206} INFO - Marking task as SUCCESS. dag_id=weather_etl_pipeline, task_id=extract, run_id=scheduled__2026-05-06T19:00:00+00:00, execution_date=20260506T190000, start_date=20260506T200001, end_date=20260506T200002
[2026-05-06T20:00:02.300+0000] {local_task_job_runner.py:240} INFO - Task exited with return code 0
[2026-05-06T20:00:02.319+0000] {taskinstance.py:3498} INFO - 1 downstream tasks scheduled from follow-on schedule check
[2026-05-06T20:00:02.321+0000] {local_task_job_runner.py:222} INFO - ::endgroup::
