[2026-05-09T17:00:05.370+0000] {local_task_job_runner.py:120} INFO - ::group::Pre task execution logs
[2026-05-09T17:00:05.386+0000] {taskinstance.py:2076} INFO - Dependencies all met for dep_context=non-requeueable deps ti=<TaskInstance: weather_etl_pipeline.load scheduled__2026-05-09T16:00:00+00:00 [queued]>
[2026-05-09T17:00:05.393+0000] {taskinstance.py:2076} INFO - Dependencies all met for dep_context=requeueable deps ti=<TaskInstance: weather_etl_pipeline.load scheduled__2026-05-09T16:00:00+00:00 [queued]>
[2026-05-09T17:00:05.393+0000] {taskinstance.py:2306} INFO - Starting attempt 1 of 3
[2026-05-09T17:00:05.405+0000] {taskinstance.py:2330} INFO - Executing <Task(PythonOperator): load> on 2026-05-09 16:00:00+00:00
[2026-05-09T17:00:05.411+0000] {warnings.py:110} WARNING - /home/***/.local/lib/python3.12/site-packages/***/task/task_runner/standard_task_runner.py:61: DeprecationWarning: This process (pid=613) is multi-threaded, use of fork() may lead to deadlocks in the child.
  pid = os.fork()

[2026-05-09T17:00:05.412+0000] {standard_task_runner.py:63} INFO - Started process 630 to run task
[2026-05-09T17:00:05.412+0000] {standard_task_runner.py:90} INFO - Running: ['***', 'tasks', 'run', 'weather_etl_pipeline', 'load', 'scheduled__2026-05-09T16:00:00+00:00', '--job-id', '186', '--raw', '--subdir', 'DAGS_FOLDER/etl_dags.py', '--cfg-path', '/tmp/tmpdewqm0xe']
[2026-05-09T17:00:05.413+0000] {standard_task_runner.py:91} INFO - Job 186: Subtask load
[2026-05-09T17:00:05.455+0000] {task_command.py:426} INFO - Running <TaskInstance: weather_etl_pipeline.load scheduled__2026-05-09T16:00:00+00:00 [running]> on host 6e19a122f52b
[2026-05-09T17:00:05.531+0000] {taskinstance.py:2648} INFO - Exporting env vars: AIRFLOW_CTX_DAG_OWNER='***' AIRFLOW_CTX_DAG_ID='weather_etl_pipeline' AIRFLOW_CTX_TASK_ID='load' AIRFLOW_CTX_EXECUTION_DATE='2026-05-09T16:00:00+00:00' AIRFLOW_CTX_TRY_NUMBER='1' AIRFLOW_CTX_DAG_RUN_ID='scheduled__2026-05-09T16:00:00+00:00'
[2026-05-09T17:00:05.533+0000] {taskinstance.py:430} INFO - ::endgroup::
[2026-05-09T17:00:05.559+0000] {logging_mixin.py:188} INFO - Rows in weather table: 1
[2026-05-09T17:00:05.560+0000] {logging_mixin.py:188} INFO - [(datetime.date(2026, 5, 9), Decimal('16.89'))]
[2026-05-09T17:00:05.562+0000] {python.py:237} INFO - Done. Returned value was: None
[2026-05-09T17:00:05.562+0000] {taskinstance.py:441} INFO - ::group::Post task execution logs
[2026-05-09T17:00:05.569+0000] {taskinstance.py:1206} INFO - Marking task as SUCCESS. dag_id=weather_etl_pipeline, task_id=load, run_id=scheduled__2026-05-09T16:00:00+00:00, execution_date=20260509T160000, start_date=20260509T170005, end_date=20260509T170005
[2026-05-09T17:00:05.588+0000] {local_task_job_runner.py:240} INFO - Task exited with return code 0
[2026-05-09T17:00:05.605+0000] {taskinstance.py:3498} INFO - 1 downstream tasks scheduled from follow-on schedule check
[2026-05-09T17:00:05.607+0000] {local_task_job_runner.py:222} INFO - ::endgroup::
