[2026-05-05T13:10:13.904+0000] {local_task_job_runner.py:120} INFO - ::group::Pre task execution logs
[2026-05-05T13:10:13.939+0000] {taskinstance.py:2076} INFO - Dependencies all met for dep_context=non-requeueable deps ti=<TaskInstance: weather_etl_pipeline.extract scheduled__2026-05-05T12:00:00+00:00 [queued]>
[2026-05-05T13:10:13.953+0000] {taskinstance.py:2076} INFO - Dependencies all met for dep_context=requeueable deps ti=<TaskInstance: weather_etl_pipeline.extract scheduled__2026-05-05T12:00:00+00:00 [queued]>
[2026-05-05T13:10:13.955+0000] {taskinstance.py:2306} INFO - Starting attempt 3 of 3
[2026-05-05T13:10:13.983+0000] {taskinstance.py:2330} INFO - Executing <Task(PythonOperator): extract> on 2026-05-05 12:00:00+00:00
[2026-05-05T13:10:13.996+0000] {warnings.py:110} WARNING - /home/***/.local/lib/python3.12/site-packages/***/task/task_runner/standard_task_runner.py:61: DeprecationWarning: This process (pid=756) is multi-threaded, use of fork() may lead to deadlocks in the child.
  pid = os.fork()

[2026-05-05T13:10:14.001+0000] {standard_task_runner.py:63} INFO - Started process 773 to run task
[2026-05-05T13:10:14.000+0000] {standard_task_runner.py:90} INFO - Running: ['***', 'tasks', 'run', 'weather_etl_pipeline', 'extract', 'scheduled__2026-05-05T12:00:00+00:00', '--job-id', '44', '--raw', '--subdir', 'DAGS_FOLDER/etl_dags.py', '--cfg-path', '/tmp/tmp8652n2ro']
[2026-05-05T13:10:14.003+0000] {standard_task_runner.py:91} INFO - Job 44: Subtask extract
[2026-05-05T13:10:14.134+0000] {task_command.py:426} INFO - Running <TaskInstance: weather_etl_pipeline.extract scheduled__2026-05-05T12:00:00+00:00 [running]> on host 400974db6468
[2026-05-05T13:10:14.473+0000] {taskinstance.py:2648} INFO - Exporting env vars: AIRFLOW_CTX_DAG_OWNER='***' AIRFLOW_CTX_DAG_ID='weather_etl_pipeline' AIRFLOW_CTX_TASK_ID='extract' AIRFLOW_CTX_EXECUTION_DATE='2026-05-05T12:00:00+00:00' AIRFLOW_CTX_TRY_NUMBER='3' AIRFLOW_CTX_DAG_RUN_ID='scheduled__2026-05-05T12:00:00+00:00'
[2026-05-05T13:10:14.482+0000] {taskinstance.py:430} INFO - ::endgroup::
[2026-05-05T13:10:15.381+0000] {python.py:237} INFO - Done. Returned value was:                  time  temperature_2m
0    2024-01-01T00:00             4.1
1    2024-01-01T01:00             3.2
2    2024-01-01T02:00             3.0
3    2024-01-01T03:00             2.8
4    2024-01-01T04:00             3.1
..                ...             ...
739  2024-01-31T19:00             5.9
740  2024-01-31T20:00             6.0
741  2024-01-31T21:00             5.0
742  2024-01-31T22:00             4.6
743  2024-01-31T23:00             4.0

[744 rows x 2 columns]
[2026-05-05T13:10:15.486+0000] {taskinstance.py:441} INFO - ::group::Post task execution logs
[2026-05-05T13:10:15.651+0000] {taskinstance.py:1206} INFO - Marking task as SUCCESS. dag_id=weather_etl_pipeline, task_id=extract, run_id=scheduled__2026-05-05T12:00:00+00:00, execution_date=20260505T120000, start_date=20260505T131013, end_date=20260505T131015
[2026-05-05T13:10:15.701+0000] {local_task_job_runner.py:240} INFO - Task exited with return code 0
[2026-05-05T13:10:15.738+0000] {taskinstance.py:3498} INFO - 1 downstream tasks scheduled from follow-on schedule check
[2026-05-05T13:10:15.741+0000] {local_task_job_runner.py:222} INFO - ::endgroup::
