[2026-05-09T15:53:27.643+0000] {local_task_job_runner.py:120} INFO - ::group::Pre task execution logs
[2026-05-09T15:53:27.660+0000] {taskinstance.py:2076} INFO - Dependencies all met for dep_context=non-requeueable deps ti=<TaskInstance: weather_etl_pipeline.transform manual__2026-05-09T15:48:20.980214+00:00 [queued]>
[2026-05-09T15:53:27.666+0000] {taskinstance.py:2076} INFO - Dependencies all met for dep_context=requeueable deps ti=<TaskInstance: weather_etl_pipeline.transform manual__2026-05-09T15:48:20.980214+00:00 [queued]>
[2026-05-09T15:53:27.667+0000] {taskinstance.py:2306} INFO - Starting attempt 1 of 3
[2026-05-09T15:53:27.678+0000] {taskinstance.py:2330} INFO - Executing <Task(PythonOperator): transform> on 2026-05-09 15:48:20.980214+00:00
[2026-05-09T15:53:27.684+0000] {warnings.py:110} WARNING - /home/***/.local/lib/python3.12/site-packages/***/task/task_runner/standard_task_runner.py:61: DeprecationWarning: This process (pid=137) is multi-threaded, use of fork() may lead to deadlocks in the child.
  pid = os.fork()

[2026-05-09T15:53:27.685+0000] {standard_task_runner.py:63} INFO - Started process 154 to run task
[2026-05-09T15:53:27.685+0000] {standard_task_runner.py:90} INFO - Running: ['***', 'tasks', 'run', 'weather_etl_pipeline', 'transform', 'manual__2026-05-09T15:48:20.980214+00:00', '--job-id', '171', '--raw', '--subdir', 'DAGS_FOLDER/etl_dags.py', '--cfg-path', '/tmp/tmpa8gldf23']
[2026-05-09T15:53:27.686+0000] {standard_task_runner.py:91} INFO - Job 171: Subtask transform
[2026-05-09T15:53:27.728+0000] {task_command.py:426} INFO - Running <TaskInstance: weather_etl_pipeline.transform manual__2026-05-09T15:48:20.980214+00:00 [running]> on host 3c712cff9f92
[2026-05-09T15:53:27.804+0000] {taskinstance.py:2648} INFO - Exporting env vars: AIRFLOW_CTX_DAG_OWNER='***' AIRFLOW_CTX_DAG_ID='weather_etl_pipeline' AIRFLOW_CTX_TASK_ID='transform' AIRFLOW_CTX_EXECUTION_DATE='2026-05-09T15:48:20.980214+00:00' AIRFLOW_CTX_TRY_NUMBER='1' AIRFLOW_CTX_DAG_RUN_ID='manual__2026-05-09T15:48:20.980214+00:00'
[2026-05-09T15:53:27.806+0000] {taskinstance.py:430} INFO - ::endgroup::
[2026-05-09T15:53:27.826+0000] {python.py:237} INFO - Done. Returned value was:          date T_moyenne
0  2026-05-09     16.89
[2026-05-09T15:53:27.832+0000] {taskinstance.py:441} INFO - ::group::Post task execution logs
[2026-05-09T15:53:27.863+0000] {taskinstance.py:1206} INFO - Marking task as SUCCESS. dag_id=weather_etl_pipeline, task_id=transform, run_id=manual__2026-05-09T15:48:20.980214+00:00, execution_date=20260509T154820, start_date=20260509T155327, end_date=20260509T155327
[2026-05-09T15:53:27.909+0000] {local_task_job_runner.py:240} INFO - Task exited with return code 0
[2026-05-09T15:53:27.929+0000] {taskinstance.py:3498} INFO - 1 downstream tasks scheduled from follow-on schedule check
[2026-05-09T15:53:27.931+0000] {local_task_job_runner.py:222} INFO - ::endgroup::
