[2026-05-09T14:50:01.132+0000] {local_task_job_runner.py:120} INFO - ::group::Pre task execution logs
[2026-05-09T14:50:01.150+0000] {taskinstance.py:2076} INFO - Dependencies all met for dep_context=non-requeueable deps ti=<TaskInstance: weather_etl_pipeline.check_data manual__2026-05-09T14:49:51.245554+00:00 [queued]>
[2026-05-09T14:50:01.157+0000] {taskinstance.py:2076} INFO - Dependencies all met for dep_context=requeueable deps ti=<TaskInstance: weather_etl_pipeline.check_data manual__2026-05-09T14:49:51.245554+00:00 [queued]>
[2026-05-09T14:50:01.158+0000] {taskinstance.py:2306} INFO - Starting attempt 1 of 3
[2026-05-09T14:50:01.171+0000] {taskinstance.py:2330} INFO - Executing <Task(PythonOperator): check_data> on 2026-05-09 14:49:51.245554+00:00
[2026-05-09T14:50:01.177+0000] {warnings.py:110} WARNING - /home/***/.local/lib/python3.12/site-packages/***/task/task_runner/standard_task_runner.py:61: DeprecationWarning: This process (pid=174) is multi-threaded, use of fork() may lead to deadlocks in the child.
  pid = os.fork()

[2026-05-09T14:50:01.178+0000] {standard_task_runner.py:90} INFO - Running: ['***', 'tasks', 'run', 'weather_etl_pipeline', 'check_data', 'manual__2026-05-09T14:49:51.245554+00:00', '--job-id', '127', '--raw', '--subdir', 'DAGS_FOLDER/etl_dags.py', '--cfg-path', '/tmp/tmpr7u_xn06']
[2026-05-09T14:50:01.179+0000] {standard_task_runner.py:63} INFO - Started process 191 to run task
[2026-05-09T14:50:01.180+0000] {standard_task_runner.py:91} INFO - Job 127: Subtask check_data
[2026-05-09T14:50:01.222+0000] {task_command.py:426} INFO - Running <TaskInstance: weather_etl_pipeline.check_data manual__2026-05-09T14:49:51.245554+00:00 [running]> on host 0a839fe1b9a7
[2026-05-09T14:50:01.306+0000] {taskinstance.py:2648} INFO - Exporting env vars: AIRFLOW_CTX_DAG_OWNER='***' AIRFLOW_CTX_DAG_ID='weather_etl_pipeline' AIRFLOW_CTX_TASK_ID='check_data' AIRFLOW_CTX_EXECUTION_DATE='2026-05-09T14:49:51.245554+00:00' AIRFLOW_CTX_TRY_NUMBER='1' AIRFLOW_CTX_DAG_RUN_ID='manual__2026-05-09T14:49:51.245554+00:00'
[2026-05-09T14:50:01.308+0000] {taskinstance.py:430} INFO - ::endgroup::
[2026-05-09T14:50:01.318+0000] {taskinstance.py:441} INFO - ::group::Post task execution logs
[2026-05-09T14:50:01.319+0000] {taskinstance.py:2905} ERROR - Task failed with exception
Traceback (most recent call last):
  File "/home/airflow/.local/lib/python3.12/site-packages/airflow/models/taskinstance.py", line 465, in _execute_task
    result = _execute_callable(context=context, **execute_callable_kwargs)
             ^^^^^^^^^^^^^^^^^^^^^^^^^^^^^^^^^^^^^^^^^^^^^^^^^^^^^^^^^^^^^
  File "/home/airflow/.local/lib/python3.12/site-packages/airflow/models/taskinstance.py", line 432, in _execute_callable
    return execute_callable(context=context, **execute_callable_kwargs)
           ^^^^^^^^^^^^^^^^^^^^^^^^^^^^^^^^^^^^^^^^^^^^^^^^^^^^^^^^^^^^
  File "/home/airflow/.local/lib/python3.12/site-packages/airflow/models/baseoperator.py", line 400, in wrapper
    return func(self, *args, **kwargs)
           ^^^^^^^^^^^^^^^^^^^^^^^^^^^
  File "/home/airflow/.local/lib/python3.12/site-packages/airflow/operators/python.py", line 235, in execute
    return_value = self.execute_callable()
                   ^^^^^^^^^^^^^^^^^^^^^^^
  File "/home/airflow/.local/lib/python3.12/site-packages/airflow/operators/python.py", line 252, in execute_callable
    return self.python_callable(*self.op_args, **self.op_kwargs)
           ^^^^^^^^^^^^^^^^^^^^^^^^^^^^^^^^^^^^^^^^^^^^^^^^^^^^^
  File "/opt/airflow/scripts/check_data.py", line 5, in check_data
    con = duckdb.connect("/opt/airflow/data/weather.db")
          ^^^^^^^^^^^^^^^^^^^^^^^^^^^^^^^^^^^^^^^^^^^^^^
_duckdb.IOException: IO Error: Cannot open file "/opt/***/data/weather.db": No such file or directory
[2026-05-09T14:50:01.329+0000] {taskinstance.py:1206} INFO - Marking task as UP_FOR_RETRY. dag_id=weather_etl_pipeline, task_id=check_data, run_id=manual__2026-05-09T14:49:51.245554+00:00, execution_date=20260509T144951, start_date=20260509T145001, end_date=20260509T145001
[2026-05-09T14:50:01.341+0000] {standard_task_runner.py:110} ERROR - Failed to execute job 127 for task check_data (IO Error: Cannot open file "/opt/***/data/weather.db": No such file or directory; 191)
[2026-05-09T14:50:01.356+0000] {local_task_job_runner.py:240} INFO - Task exited with return code 1
[2026-05-09T14:50:01.369+0000] {taskinstance.py:3498} INFO - 0 downstream tasks scheduled from follow-on schedule check
[2026-05-09T14:50:01.371+0000] {local_task_job_runner.py:222} INFO - ::endgroup::
