[2026-05-09T14:55:02.911+0000] {local_task_job_runner.py:120} INFO - ::group::Pre task execution logs
[2026-05-09T14:55:02.935+0000] {taskinstance.py:2076} INFO - Dependencies all met for dep_context=non-requeueable deps ti=<TaskInstance: weather_etl_pipeline.check_data manual__2026-05-09T14:49:51.245554+00:00 [queued]>
[2026-05-09T14:55:02.945+0000] {taskinstance.py:2076} INFO - Dependencies all met for dep_context=requeueable deps ti=<TaskInstance: weather_etl_pipeline.check_data manual__2026-05-09T14:49:51.245554+00:00 [queued]>
[2026-05-09T14:55:02.946+0000] {taskinstance.py:2306} INFO - Starting attempt 2 of 3
[2026-05-09T14:55:02.962+0000] {taskinstance.py:2330} INFO - Executing <Task(PythonOperator): check_data> on 2026-05-09 14:49:51.245554+00:00
[2026-05-09T14:55:02.971+0000] {warnings.py:110} WARNING - /home/***/.local/lib/python3.12/site-packages/***/task/task_runner/standard_task_runner.py:61: DeprecationWarning: This process (pid=220) is multi-threaded, use of fork() may lead to deadlocks in the child.
  pid = os.fork()

[2026-05-09T14:55:02.973+0000] {standard_task_runner.py:63} INFO - Started process 237 to run task
[2026-05-09T14:55:02.974+0000] {standard_task_runner.py:90} INFO - Running: ['***', 'tasks', 'run', 'weather_etl_pipeline', 'check_data', 'manual__2026-05-09T14:49:51.245554+00:00', '--job-id', '138', '--raw', '--subdir', 'DAGS_FOLDER/etl_dags.py', '--cfg-path', '/tmp/tmpcejildt6']
[2026-05-09T14:55:02.975+0000] {standard_task_runner.py:91} INFO - Job 138: Subtask check_data
[2026-05-09T14:55:03.034+0000] {task_command.py:426} INFO - Running <TaskInstance: weather_etl_pipeline.check_data manual__2026-05-09T14:49:51.245554+00:00 [running]> on host 3227c3c962f6
[2026-05-09T14:55:03.146+0000] {taskinstance.py:2648} INFO - Exporting env vars: AIRFLOW_CTX_DAG_OWNER='***' AIRFLOW_CTX_DAG_ID='weather_etl_pipeline' AIRFLOW_CTX_TASK_ID='check_data' AIRFLOW_CTX_EXECUTION_DATE='2026-05-09T14:49:51.245554+00:00' AIRFLOW_CTX_TRY_NUMBER='2' AIRFLOW_CTX_DAG_RUN_ID='manual__2026-05-09T14:49:51.245554+00:00'
[2026-05-09T14:55:03.148+0000] {taskinstance.py:430} INFO - ::endgroup::
[2026-05-09T14:55:03.170+0000] {taskinstance.py:441} INFO - ::group::Post task execution logs
[2026-05-09T14:55:03.171+0000] {taskinstance.py:2905} ERROR - Task failed with exception
Traceback (most recent call last):
  File "/home/airflow/.local/lib/python3.12/site-packages/airflow/models/taskinstance.py", line 465, in _execute_task
    result = _execute_callable(context=context, **execute_callable_kwargs)
             ^^^^^^^^^^^^^^^^^^^^^^^^^^^^^^^^^^^^^^^^^^^^^^^^^^^^^^^^^^^^^
  File "/home/airflow/.local/lib/python3.12/site-packages/airflow/models/taskinstance.py", line 432, in _execute_callable
    return execute_callable(context=context, **execute_callable_kwargs)
           ^^^^^^^^^^^^^^^^^^^^^^^^^^^^^^^^^^^^^^^^^^^^^^^^^^^^^^^^^^^^
  File "/home/airflow/.local/lib/python3.12/site-packages/airflow/models/baseoperator.py", line 400, in wrapper
    return func(self, *args, **kwargs)
           ^^^^^^^^^^^^^^^^^^^^^^^^^^^
  File "/home/airflow/.local/lib/python3.12/site-packages/airflow/operators/python.py", line 235, in execute
    return_value = self.execute_callable()
                   ^^^^^^^^^^^^^^^^^^^^^^^
  File "/home/airflow/.local/lib/python3.12/site-packages/airflow/operators/python.py", line 252, in execute_callable
    return self.python_callable(*self.op_args, **self.op_kwargs)
           ^^^^^^^^^^^^^^^^^^^^^^^^^^^^^^^^^^^^^^^^^^^^^^^^^^^^^
  File "/opt/airflow/scripts/check_data.py", line 7, in check_data
    result = con.execute("""
             ^^^^^^^^^^^^^^^
_duckdb.CatalogException: Catalog Error: Table with name weather does not exist!
Did you mean "pg_attrdef"?

LINE 3:         FROM weather
                     ^
[2026-05-09T14:55:03.186+0000] {taskinstance.py:1206} INFO - Marking task as UP_FOR_RETRY. dag_id=weather_etl_pipeline, task_id=check_data, run_id=manual__2026-05-09T14:49:51.245554+00:00, execution_date=20260509T144951, start_date=20260509T145502, end_date=20260509T145503
[2026-05-09T14:55:03.201+0000] {standard_task_runner.py:110} ERROR - Failed to execute job 138 for task check_data (Catalog Error: Table with name weather does not exist!
Did you mean "pg_attrdef"?

LINE 3:         FROM weather
                     ^; 237)
[2026-05-09T14:55:03.232+0000] {local_task_job_runner.py:240} INFO - Task exited with return code 1
[2026-05-09T14:55:03.248+0000] {taskinstance.py:3498} INFO - 0 downstream tasks scheduled from follow-on schedule check
[2026-05-09T14:55:03.251+0000] {local_task_job_runner.py:222} INFO - ::endgroup::
