[2026-05-09T15:53:31.587+0000] {local_task_job_runner.py:120} INFO - ::group::Pre task execution logs
[2026-05-09T15:53:31.604+0000] {taskinstance.py:2076} INFO - Dependencies all met for dep_context=non-requeueable deps ti=<TaskInstance: weather_etl_pipeline.check_data manual__2026-05-09T15:48:20.980214+00:00 [queued]>
[2026-05-09T15:53:31.610+0000] {taskinstance.py:2076} INFO - Dependencies all met for dep_context=requeueable deps ti=<TaskInstance: weather_etl_pipeline.check_data manual__2026-05-09T15:48:20.980214+00:00 [queued]>
[2026-05-09T15:53:31.611+0000] {taskinstance.py:2306} INFO - Starting attempt 1 of 3
[2026-05-09T15:53:31.621+0000] {taskinstance.py:2330} INFO - Executing <Task(PythonOperator): check_data> on 2026-05-09 15:48:20.980214+00:00
[2026-05-09T15:53:31.627+0000] {warnings.py:110} WARNING - /home/***/.local/lib/python3.12/site-packages/***/task/task_runner/standard_task_runner.py:61: DeprecationWarning: This process (pid=188) is multi-threaded, use of fork() may lead to deadlocks in the child.
  pid = os.fork()

[2026-05-09T15:53:31.628+0000] {standard_task_runner.py:63} INFO - Started process 205 to run task
[2026-05-09T15:53:31.629+0000] {standard_task_runner.py:90} INFO - Running: ['***', 'tasks', 'run', 'weather_etl_pipeline', 'check_data', 'manual__2026-05-09T15:48:20.980214+00:00', '--job-id', '173', '--raw', '--subdir', 'DAGS_FOLDER/etl_dags.py', '--cfg-path', '/tmp/tmpytpqc1qr']
[2026-05-09T15:53:31.630+0000] {standard_task_runner.py:91} INFO - Job 173: Subtask check_data
[2026-05-09T15:53:31.668+0000] {task_command.py:426} INFO - Running <TaskInstance: weather_etl_pipeline.check_data manual__2026-05-09T15:48:20.980214+00:00 [running]> on host 3c712cff9f92
[2026-05-09T15:53:31.745+0000] {taskinstance.py:2648} INFO - Exporting env vars: AIRFLOW_CTX_DAG_OWNER='***' AIRFLOW_CTX_DAG_ID='weather_etl_pipeline' AIRFLOW_CTX_TASK_ID='check_data' AIRFLOW_CTX_EXECUTION_DATE='2026-05-09T15:48:20.980214+00:00' AIRFLOW_CTX_TRY_NUMBER='1' AIRFLOW_CTX_DAG_RUN_ID='manual__2026-05-09T15:48:20.980214+00:00'
[2026-05-09T15:53:31.747+0000] {taskinstance.py:430} INFO - ::endgroup::
[2026-05-09T15:53:31.766+0000] {logging_mixin.py:188} INFO - [(datetime.date(2026, 5, 9), Decimal('16.89'))]
[2026-05-09T15:53:31.768+0000] {python.py:237} INFO - Done. Returned value was: None
[2026-05-09T15:53:31.768+0000] {taskinstance.py:441} INFO - ::group::Post task execution logs
[2026-05-09T15:53:31.776+0000] {taskinstance.py:1206} INFO - Marking task as SUCCESS. dag_id=weather_etl_pipeline, task_id=check_data, run_id=manual__2026-05-09T15:48:20.980214+00:00, execution_date=20260509T154820, start_date=20260509T155331, end_date=20260509T155331
[2026-05-09T15:53:31.808+0000] {local_task_job_runner.py:240} INFO - Task exited with return code 0
[2026-05-09T15:53:31.822+0000] {taskinstance.py:3498} INFO - 0 downstream tasks scheduled from follow-on schedule check
[2026-05-09T15:53:31.824+0000] {local_task_job_runner.py:222} INFO - ::endgroup::
