[2026-05-05T13:12:03.849+0000] {local_task_job_runner.py:120} INFO - ::group::Pre task execution logs
[2026-05-05T13:12:03.887+0000] {taskinstance.py:2076} INFO - Dependencies all met for dep_context=non-requeueable deps ti=<TaskInstance: weather_etl_pipeline.load manual__2026-05-05T13:06:38.882620+00:00 [queued]>
[2026-05-05T13:12:03.900+0000] {taskinstance.py:2076} INFO - Dependencies all met for dep_context=requeueable deps ti=<TaskInstance: weather_etl_pipeline.load manual__2026-05-05T13:06:38.882620+00:00 [queued]>
[2026-05-05T13:12:03.901+0000] {taskinstance.py:2306} INFO - Starting attempt 1 of 3
[2026-05-05T13:12:03.924+0000] {taskinstance.py:2330} INFO - Executing <Task(PythonOperator): load> on 2026-05-05 13:06:38.882620+00:00
[2026-05-05T13:12:03.935+0000] {warnings.py:110} WARNING - /home/***/.local/lib/python3.12/site-packages/***/task/task_runner/standard_task_runner.py:61: DeprecationWarning: This process (pid=866) is multi-threaded, use of fork() may lead to deadlocks in the child.
  pid = os.fork()

[2026-05-05T13:12:03.938+0000] {standard_task_runner.py:63} INFO - Started process 883 to run task
[2026-05-05T13:12:03.939+0000] {standard_task_runner.py:90} INFO - Running: ['***', 'tasks', 'run', 'weather_etl_pipeline', 'load', 'manual__2026-05-05T13:06:38.882620+00:00', '--job-id', '48', '--raw', '--subdir', 'DAGS_FOLDER/etl_dags.py', '--cfg-path', '/tmp/tmp2y2r5ias']
[2026-05-05T13:12:03.941+0000] {standard_task_runner.py:91} INFO - Job 48: Subtask load
[2026-05-05T13:12:04.043+0000] {task_command.py:426} INFO - Running <TaskInstance: weather_etl_pipeline.load manual__2026-05-05T13:06:38.882620+00:00 [running]> on host 400974db6468
[2026-05-05T13:12:04.372+0000] {taskinstance.py:2648} INFO - Exporting env vars: AIRFLOW_CTX_DAG_OWNER='***' AIRFLOW_CTX_DAG_ID='weather_etl_pipeline' AIRFLOW_CTX_TASK_ID='load' AIRFLOW_CTX_EXECUTION_DATE='2026-05-05T13:06:38.882620+00:00' AIRFLOW_CTX_TRY_NUMBER='1' AIRFLOW_CTX_DAG_RUN_ID='manual__2026-05-05T13:06:38.882620+00:00'
[2026-05-05T13:12:04.381+0000] {taskinstance.py:430} INFO - ::endgroup::
[2026-05-05T13:12:04.632+0000] {logging_mixin.py:188} INFO - Rows in weather table: 31
[2026-05-05T13:12:04.706+0000] {python.py:237} INFO - Done. Returned value was: None
[2026-05-05T13:12:04.709+0000] {taskinstance.py:441} INFO - ::group::Post task execution logs
[2026-05-05T13:12:04.758+0000] {taskinstance.py:1206} INFO - Marking task as SUCCESS. dag_id=weather_etl_pipeline, task_id=load, run_id=manual__2026-05-05T13:06:38.882620+00:00, execution_date=20260505T130638, start_date=20260505T131203, end_date=20260505T131204
[2026-05-05T13:12:04.928+0000] {local_task_job_runner.py:240} INFO - Task exited with return code 0
[2026-05-05T13:12:05.038+0000] {taskinstance.py:3498} INFO - 0 downstream tasks scheduled from follow-on schedule check
[2026-05-05T13:12:05.045+0000] {local_task_job_runner.py:222} INFO - ::endgroup::
