[2026-05-06T20:00:04.414+0000] {local_task_job_runner.py:120} INFO - ::group::Pre task execution logs
[2026-05-06T20:00:04.431+0000] {taskinstance.py:2076} INFO - Dependencies all met for dep_context=non-requeueable deps ti=<TaskInstance: weather_etl_pipeline.transform scheduled__2026-05-06T19:00:00+00:00 [queued]>
[2026-05-06T20:00:04.438+0000] {taskinstance.py:2076} INFO - Dependencies all met for dep_context=requeueable deps ti=<TaskInstance: weather_etl_pipeline.transform scheduled__2026-05-06T19:00:00+00:00 [queued]>
[2026-05-06T20:00:04.439+0000] {taskinstance.py:2306} INFO - Starting attempt 1 of 3
[2026-05-06T20:00:04.450+0000] {taskinstance.py:2330} INFO - Executing <Task(PythonOperator): transform> on 2026-05-06 19:00:00+00:00
[2026-05-06T20:00:04.456+0000] {warnings.py:110} WARNING - /home/***/.local/lib/python3.12/site-packages/***/task/task_runner/standard_task_runner.py:61: DeprecationWarning: This process (pid=1269) is multi-threaded, use of fork() may lead to deadlocks in the child.
  pid = os.fork()

[2026-05-06T20:00:04.457+0000] {standard_task_runner.py:63} INFO - Started process 1286 to run task
[2026-05-06T20:00:04.458+0000] {standard_task_runner.py:90} INFO - Running: ['***', 'tasks', 'run', 'weather_etl_pipeline', 'transform', 'scheduled__2026-05-06T19:00:00+00:00', '--job-id', '103', '--raw', '--subdir', 'DAGS_FOLDER/etl_dags.py', '--cfg-path', '/tmp/tmpw38cozx8']
[2026-05-06T20:00:04.458+0000] {standard_task_runner.py:91} INFO - Job 103: Subtask transform
[2026-05-06T20:00:04.498+0000] {task_command.py:426} INFO - Running <TaskInstance: weather_etl_pipeline.transform scheduled__2026-05-06T19:00:00+00:00 [running]> on host 71a2df353973
[2026-05-06T20:00:04.586+0000] {taskinstance.py:2648} INFO - Exporting env vars: AIRFLOW_CTX_DAG_OWNER='***' AIRFLOW_CTX_DAG_ID='weather_etl_pipeline' AIRFLOW_CTX_TASK_ID='transform' AIRFLOW_CTX_EXECUTION_DATE='2026-05-06T19:00:00+00:00' AIRFLOW_CTX_TRY_NUMBER='1' AIRFLOW_CTX_DAG_RUN_ID='scheduled__2026-05-06T19:00:00+00:00'
[2026-05-06T20:00:04.587+0000] {taskinstance.py:430} INFO - ::endgroup::
[2026-05-06T20:00:04.610+0000] {python.py:237} INFO - Done. Returned value was:          date T_moyenne
0  2026-05-06     11.84
[2026-05-06T20:00:04.618+0000] {taskinstance.py:441} INFO - ::group::Post task execution logs
[2026-05-06T20:00:04.651+0000] {taskinstance.py:1206} INFO - Marking task as SUCCESS. dag_id=weather_etl_pipeline, task_id=transform, run_id=scheduled__2026-05-06T19:00:00+00:00, execution_date=20260506T190000, start_date=20260506T200004, end_date=20260506T200004
[2026-05-06T20:00:04.671+0000] {local_task_job_runner.py:240} INFO - Task exited with return code 0
[2026-05-06T20:00:04.688+0000] {taskinstance.py:3498} INFO - 1 downstream tasks scheduled from follow-on schedule check
[2026-05-06T20:00:04.690+0000] {local_task_job_runner.py:222} INFO - ::endgroup::
