[2026-05-06T18:00:03.906+0000] {local_task_job_runner.py:120} INFO - ::group::Pre task execution logs
[2026-05-06T18:00:03.925+0000] {taskinstance.py:2076} INFO - Dependencies all met for dep_context=non-requeueable deps ti=<TaskInstance: weather_etl_pipeline.transform scheduled__2026-05-06T17:00:00+00:00 [queued]>
[2026-05-06T18:00:03.932+0000] {taskinstance.py:2076} INFO - Dependencies all met for dep_context=requeueable deps ti=<TaskInstance: weather_etl_pipeline.transform scheduled__2026-05-06T17:00:00+00:00 [queued]>
[2026-05-06T18:00:03.933+0000] {taskinstance.py:2306} INFO - Starting attempt 1 of 3
[2026-05-06T18:00:03.944+0000] {taskinstance.py:2330} INFO - Executing <Task(PythonOperator): transform> on 2026-05-06 17:00:00+00:00
[2026-05-06T18:00:03.951+0000] {warnings.py:110} WARNING - /home/***/.local/lib/python3.12/site-packages/***/task/task_runner/standard_task_runner.py:61: DeprecationWarning: This process (pid=238) is multi-threaded, use of fork() may lead to deadlocks in the child.
  pid = os.fork()

[2026-05-06T18:00:03.952+0000] {standard_task_runner.py:63} INFO - Started process 255 to run task
[2026-05-06T18:00:03.953+0000] {standard_task_runner.py:90} INFO - Running: ['***', 'tasks', 'run', 'weather_etl_pipeline', 'transform', 'scheduled__2026-05-06T17:00:00+00:00', '--job-id', '92', '--raw', '--subdir', 'DAGS_FOLDER/etl_dags.py', '--cfg-path', '/tmp/tmpck_koaos']
[2026-05-06T18:00:03.954+0000] {standard_task_runner.py:91} INFO - Job 92: Subtask transform
[2026-05-06T18:00:03.995+0000] {task_command.py:426} INFO - Running <TaskInstance: weather_etl_pipeline.transform scheduled__2026-05-06T17:00:00+00:00 [running]> on host 7ce5e27fc1d7
[2026-05-06T18:00:04.080+0000] {taskinstance.py:2648} INFO - Exporting env vars: AIRFLOW_CTX_DAG_OWNER='***' AIRFLOW_CTX_DAG_ID='weather_etl_pipeline' AIRFLOW_CTX_TASK_ID='transform' AIRFLOW_CTX_EXECUTION_DATE='2026-05-06T17:00:00+00:00' AIRFLOW_CTX_TRY_NUMBER='1' AIRFLOW_CTX_DAG_RUN_ID='scheduled__2026-05-06T17:00:00+00:00'
[2026-05-06T18:00:04.082+0000] {taskinstance.py:430} INFO - ::endgroup::
[2026-05-06T18:00:04.099+0000] {python.py:237} INFO - Done. Returned value was:          date T_moyenne
0  2026-05-06     12.01
[2026-05-06T18:00:04.105+0000] {taskinstance.py:441} INFO - ::group::Post task execution logs
[2026-05-06T18:00:04.137+0000] {taskinstance.py:1206} INFO - Marking task as SUCCESS. dag_id=weather_etl_pipeline, task_id=transform, run_id=scheduled__2026-05-06T17:00:00+00:00, execution_date=20260506T170000, start_date=20260506T180003, end_date=20260506T180004
[2026-05-06T18:00:04.182+0000] {local_task_job_runner.py:240} INFO - Task exited with return code 0
[2026-05-06T18:00:04.201+0000] {taskinstance.py:3498} INFO - 1 downstream tasks scheduled from follow-on schedule check
[2026-05-06T18:00:04.204+0000] {local_task_job_runner.py:222} INFO - ::endgroup::
