[2026-05-06T17:41:59.078+0000] {local_task_job_runner.py:120} INFO - ::group::Pre task execution logs
[2026-05-06T17:41:59.103+0000] {taskinstance.py:2076} INFO - Dependencies all met for dep_context=non-requeueable deps ti=<TaskInstance: weather_etl_pipeline.extract manual__2026-05-06T17:41:55.903090+00:00 [queued]>
[2026-05-06T17:41:59.110+0000] {taskinstance.py:2076} INFO - Dependencies all met for dep_context=requeueable deps ti=<TaskInstance: weather_etl_pipeline.extract manual__2026-05-06T17:41:55.903090+00:00 [queued]>
[2026-05-06T17:41:59.110+0000] {taskinstance.py:2306} INFO - Starting attempt 1 of 3
[2026-05-06T17:41:59.123+0000] {taskinstance.py:2330} INFO - Executing <Task(PythonOperator): extract> on 2026-05-06 17:41:55.903090+00:00
[2026-05-06T17:41:59.129+0000] {warnings.py:110} WARNING - /home/***/.local/lib/python3.12/site-packages/***/task/task_runner/standard_task_runner.py:61: DeprecationWarning: This process (pid=133) is multi-threaded, use of fork() may lead to deadlocks in the child.
  pid = os.fork()

[2026-05-06T17:41:59.131+0000] {standard_task_runner.py:63} INFO - Started process 150 to run task
[2026-05-06T17:41:59.130+0000] {standard_task_runner.py:90} INFO - Running: ['***', 'tasks', 'run', 'weather_etl_pipeline', 'extract', 'manual__2026-05-06T17:41:55.903090+00:00', '--job-id', '84', '--raw', '--subdir', 'DAGS_FOLDER/etl_dags.py', '--cfg-path', '/tmp/tmph6o9m358']
[2026-05-06T17:41:59.132+0000] {standard_task_runner.py:91} INFO - Job 84: Subtask extract
[2026-05-06T17:41:59.180+0000] {task_command.py:426} INFO - Running <TaskInstance: weather_etl_pipeline.extract manual__2026-05-06T17:41:55.903090+00:00 [running]> on host 33509d3b8b8f
[2026-05-06T17:41:59.270+0000] {taskinstance.py:2648} INFO - Exporting env vars: AIRFLOW_CTX_DAG_OWNER='***' AIRFLOW_CTX_DAG_ID='weather_etl_pipeline' AIRFLOW_CTX_TASK_ID='extract' AIRFLOW_CTX_EXECUTION_DATE='2026-05-06T17:41:55.903090+00:00' AIRFLOW_CTX_TRY_NUMBER='1' AIRFLOW_CTX_DAG_RUN_ID='manual__2026-05-06T17:41:55.903090+00:00'
[2026-05-06T17:41:59.271+0000] {taskinstance.py:430} INFO - ::endgroup::
[2026-05-06T17:41:59.274+0000] {warnings.py:110} WARNING - /home/***/.local/lib/python3.12/site-packages/***/utils/context.py:320: AirflowContextDeprecationWarning: Accessing 'prev_ds' from the template is deprecated and will be removed in a future version.
  warnings.warn(_create_deprecation_warning(k, replacements))

[2026-05-06T17:41:59.430+0000] {python.py:237} INFO - Done. Returned value was:                 time  temperature_2m
0   2026-05-06T00:00            10.6
1   2026-05-06T01:00            10.4
2   2026-05-06T02:00            10.9
3   2026-05-06T03:00            10.9
4   2026-05-06T04:00            10.9
5   2026-05-06T05:00            10.9
6   2026-05-06T06:00            10.8
7   2026-05-06T07:00            10.4
8   2026-05-06T08:00            10.5
9   2026-05-06T09:00            10.9
10  2026-05-06T10:00            12.0
11  2026-05-06T11:00            13.1
12  2026-05-06T12:00            14.4
13  2026-05-06T13:00            14.2
14  2026-05-06T14:00            14.0
15  2026-05-06T15:00            14.9
16  2026-05-06T16:00            15.6
17  2026-05-06T17:00            14.9
18  2026-05-06T18:00            13.5
19  2026-05-06T19:00            11.6
20  2026-05-06T20:00            11.6
21  2026-05-06T21:00            10.8
22  2026-05-06T22:00            10.4
23  2026-05-06T23:00            10.0
[2026-05-06T17:41:59.444+0000] {taskinstance.py:441} INFO - ::group::Post task execution logs
[2026-05-06T17:41:59.499+0000] {taskinstance.py:1206} INFO - Marking task as SUCCESS. dag_id=weather_etl_pipeline, task_id=extract, run_id=manual__2026-05-06T17:41:55.903090+00:00, execution_date=20260506T174155, start_date=20260506T174159, end_date=20260506T174159
[2026-05-06T17:41:59.553+0000] {local_task_job_runner.py:240} INFO - Task exited with return code 0
[2026-05-06T17:41:59.576+0000] {taskinstance.py:3498} INFO - 1 downstream tasks scheduled from follow-on schedule check
[2026-05-06T17:41:59.578+0000] {local_task_job_runner.py:222} INFO - ::endgroup::
