[2026-05-09T15:53:25.633+0000] {local_task_job_runner.py:120} INFO - ::group::Pre task execution logs
[2026-05-09T15:53:25.650+0000] {taskinstance.py:2076} INFO - Dependencies all met for dep_context=non-requeueable deps ti=<TaskInstance: weather_etl_pipeline.extract manual__2026-05-09T15:48:20.980214+00:00 [queued]>
[2026-05-09T15:53:25.656+0000] {taskinstance.py:2076} INFO - Dependencies all met for dep_context=requeueable deps ti=<TaskInstance: weather_etl_pipeline.extract manual__2026-05-09T15:48:20.980214+00:00 [queued]>
[2026-05-09T15:53:25.657+0000] {taskinstance.py:2306} INFO - Starting attempt 2 of 3
[2026-05-09T15:53:25.669+0000] {taskinstance.py:2330} INFO - Executing <Task(PythonOperator): extract> on 2026-05-09 15:48:20.980214+00:00
[2026-05-09T15:53:25.674+0000] {warnings.py:110} WARNING - /home/***/.local/lib/python3.12/site-packages/***/task/task_runner/standard_task_runner.py:61: DeprecationWarning: This process (pid=119) is multi-threaded, use of fork() may lead to deadlocks in the child.
  pid = os.fork()

[2026-05-09T15:53:25.676+0000] {standard_task_runner.py:63} INFO - Started process 136 to run task
[2026-05-09T15:53:25.676+0000] {standard_task_runner.py:90} INFO - Running: ['***', 'tasks', 'run', 'weather_etl_pipeline', 'extract', 'manual__2026-05-09T15:48:20.980214+00:00', '--job-id', '170', '--raw', '--subdir', 'DAGS_FOLDER/etl_dags.py', '--cfg-path', '/tmp/tmplshzz_3b']
[2026-05-09T15:53:25.677+0000] {standard_task_runner.py:91} INFO - Job 170: Subtask extract
[2026-05-09T15:53:25.721+0000] {task_command.py:426} INFO - Running <TaskInstance: weather_etl_pipeline.extract manual__2026-05-09T15:48:20.980214+00:00 [running]> on host 3c712cff9f92
[2026-05-09T15:53:25.803+0000] {taskinstance.py:2648} INFO - Exporting env vars: AIRFLOW_CTX_DAG_OWNER='***' AIRFLOW_CTX_DAG_ID='weather_etl_pipeline' AIRFLOW_CTX_TASK_ID='extract' AIRFLOW_CTX_EXECUTION_DATE='2026-05-09T15:48:20.980214+00:00' AIRFLOW_CTX_TRY_NUMBER='2' AIRFLOW_CTX_DAG_RUN_ID='manual__2026-05-09T15:48:20.980214+00:00'
[2026-05-09T15:53:25.805+0000] {taskinstance.py:430} INFO - ::endgroup::
[2026-05-09T15:53:25.807+0000] {warnings.py:110} WARNING - /home/***/.local/lib/python3.12/site-packages/***/utils/context.py:320: AirflowContextDeprecationWarning: Accessing 'prev_ds' from the template is deprecated and will be removed in a future version.
  warnings.warn(_create_deprecation_warning(k, replacements))

[2026-05-09T15:53:25.952+0000] {python.py:237} INFO - Done. Returned value was:                 time  temperature_2m
0   2026-05-09T00:00            12.8
1   2026-05-09T01:00            12.6
2   2026-05-09T02:00            12.4
3   2026-05-09T03:00            12.3
4   2026-05-09T04:00            12.2
5   2026-05-09T05:00            12.2
6   2026-05-09T06:00            13.6
7   2026-05-09T07:00            15.1
8   2026-05-09T08:00            16.3
9   2026-05-09T09:00            17.8
10  2026-05-09T10:00            19.1
11  2026-05-09T11:00            20.1
12  2026-05-09T12:00            21.0
13  2026-05-09T13:00            21.5
14  2026-05-09T14:00            21.7
15  2026-05-09T15:00            21.9
16  2026-05-09T16:00            21.5
17  2026-05-09T17:00            20.5
18  2026-05-09T18:00            19.4
19  2026-05-09T19:00            17.9
20  2026-05-09T20:00            17.0
21  2026-05-09T21:00            16.1
22  2026-05-09T22:00            15.5
23  2026-05-09T23:00            14.9
[2026-05-09T15:53:25.964+0000] {taskinstance.py:441} INFO - ::group::Post task execution logs
[2026-05-09T15:53:26.014+0000] {taskinstance.py:1206} INFO - Marking task as SUCCESS. dag_id=weather_etl_pipeline, task_id=extract, run_id=manual__2026-05-09T15:48:20.980214+00:00, execution_date=20260509T154820, start_date=20260509T155325, end_date=20260509T155326
[2026-05-09T15:53:26.064+0000] {local_task_job_runner.py:240} INFO - Task exited with return code 0
[2026-05-09T15:53:26.084+0000] {taskinstance.py:3498} INFO - 1 downstream tasks scheduled from follow-on schedule check
[2026-05-09T15:53:26.086+0000] {local_task_job_runner.py:222} INFO - ::endgroup::
