[2026-05-09T15:48:22.677+0000] {local_task_job_runner.py:120} INFO - ::group::Pre task execution logs
[2026-05-09T15:48:22.697+0000] {taskinstance.py:2076} INFO - Dependencies all met for dep_context=non-requeueable deps ti=<TaskInstance: weather_etl_pipeline.extract manual__2026-05-09T15:48:20.980214+00:00 [queued]>
[2026-05-09T15:48:22.703+0000] {taskinstance.py:2076} INFO - Dependencies all met for dep_context=requeueable deps ti=<TaskInstance: weather_etl_pipeline.extract manual__2026-05-09T15:48:20.980214+00:00 [queued]>
[2026-05-09T15:48:22.704+0000] {taskinstance.py:2306} INFO - Starting attempt 1 of 3
[2026-05-09T15:48:22.716+0000] {taskinstance.py:2330} INFO - Executing <Task(PythonOperator): extract> on 2026-05-09 15:48:20.980214+00:00
[2026-05-09T15:48:22.722+0000] {warnings.py:110} WARNING - /home/***/.local/lib/python3.12/site-packages/***/task/task_runner/standard_task_runner.py:61: DeprecationWarning: This process (pid=139) is multi-threaded, use of fork() may lead to deadlocks in the child.
  pid = os.fork()

[2026-05-09T15:48:22.724+0000] {standard_task_runner.py:63} INFO - Started process 156 to run task
[2026-05-09T15:48:22.724+0000] {standard_task_runner.py:90} INFO - Running: ['***', 'tasks', 'run', 'weather_etl_pipeline', 'extract', 'manual__2026-05-09T15:48:20.980214+00:00', '--job-id', '167', '--raw', '--subdir', 'DAGS_FOLDER/etl_dags.py', '--cfg-path', '/tmp/tmpt0tlxebe']
[2026-05-09T15:48:22.725+0000] {standard_task_runner.py:91} INFO - Job 167: Subtask extract
[2026-05-09T15:48:22.771+0000] {task_command.py:426} INFO - Running <TaskInstance: weather_etl_pipeline.extract manual__2026-05-09T15:48:20.980214+00:00 [running]> on host 3c712cff9f92
[2026-05-09T15:48:22.851+0000] {taskinstance.py:2648} INFO - Exporting env vars: AIRFLOW_CTX_DAG_OWNER='***' AIRFLOW_CTX_DAG_ID='weather_etl_pipeline' AIRFLOW_CTX_TASK_ID='extract' AIRFLOW_CTX_EXECUTION_DATE='2026-05-09T15:48:20.980214+00:00' AIRFLOW_CTX_TRY_NUMBER='1' AIRFLOW_CTX_DAG_RUN_ID='manual__2026-05-09T15:48:20.980214+00:00'
[2026-05-09T15:48:22.853+0000] {taskinstance.py:430} INFO - ::endgroup::
[2026-05-09T15:48:22.856+0000] {warnings.py:110} WARNING - /home/***/.local/lib/python3.12/site-packages/***/utils/context.py:320: AirflowContextDeprecationWarning: Accessing 'prev_ds' from the template is deprecated and will be removed in a future version.
  warnings.warn(_create_deprecation_warning(k, replacements))

[2026-05-09T15:48:23.576+0000] {taskinstance.py:441} INFO - ::group::Post task execution logs
[2026-05-09T15:48:23.577+0000] {taskinstance.py:2905} ERROR - Task failed with exception
Traceback (most recent call last):
  File "/home/airflow/.local/lib/python3.12/site-packages/airflow/models/taskinstance.py", line 465, in _execute_task
    result = _execute_callable(context=context, **execute_callable_kwargs)
             ^^^^^^^^^^^^^^^^^^^^^^^^^^^^^^^^^^^^^^^^^^^^^^^^^^^^^^^^^^^^^
  File "/home/airflow/.local/lib/python3.12/site-packages/airflow/models/taskinstance.py", line 432, in _execute_callable
    return execute_callable(context=context, **execute_callable_kwargs)
           ^^^^^^^^^^^^^^^^^^^^^^^^^^^^^^^^^^^^^^^^^^^^^^^^^^^^^^^^^^^^
  File "/home/airflow/.local/lib/python3.12/site-packages/airflow/models/baseoperator.py", line 400, in wrapper
    return func(self, *args, **kwargs)
           ^^^^^^^^^^^^^^^^^^^^^^^^^^^
  File "/home/airflow/.local/lib/python3.12/site-packages/airflow/operators/python.py", line 235, in execute
    return_value = self.execute_callable()
                   ^^^^^^^^^^^^^^^^^^^^^^^
  File "/home/airflow/.local/lib/python3.12/site-packages/airflow/operators/python.py", line 252, in execute_callable
    return self.python_callable(*self.op_args, **self.op_kwargs)
           ^^^^^^^^^^^^^^^^^^^^^^^^^^^^^^^^^^^^^^^^^^^^^^^^^^^^^
  File "/opt/airflow/scripts/extract.py", line 30, in extract
    df.to_csv("opt/airflow/data/raw_weather_data.csv", index=False)
  File "/home/airflow/.local/lib/python3.12/site-packages/pandas/core/generic.py", line 3902, in to_csv
    return DataFrameRenderer(formatter).to_csv(
           ^^^^^^^^^^^^^^^^^^^^^^^^^^^^^^^^^^^^
  File "/home/airflow/.local/lib/python3.12/site-packages/pandas/io/formats/format.py", line 1152, in to_csv
    csv_formatter.save()
  File "/home/airflow/.local/lib/python3.12/site-packages/pandas/io/formats/csvs.py", line 247, in save
    with get_handle(
         ^^^^^^^^^^^
  File "/home/airflow/.local/lib/python3.12/site-packages/pandas/io/common.py", line 739, in get_handle
    check_parent_directory(str(handle))
  File "/home/airflow/.local/lib/python3.12/site-packages/pandas/io/common.py", line 604, in check_parent_directory
    raise OSError(rf"Cannot save file into a non-existent directory: '{parent}'")
OSError: Cannot save file into a non-existent directory: 'opt/***/data'
[2026-05-09T15:48:23.592+0000] {taskinstance.py:1206} INFO - Marking task as UP_FOR_RETRY. dag_id=weather_etl_pipeline, task_id=extract, run_id=manual__2026-05-09T15:48:20.980214+00:00, execution_date=20260509T154820, start_date=20260509T154822, end_date=20260509T154823
[2026-05-09T15:48:23.603+0000] {standard_task_runner.py:110} ERROR - Failed to execute job 167 for task extract (Cannot save file into a non-existent directory: 'opt/***/data'; 156)
[2026-05-09T15:48:23.618+0000] {local_task_job_runner.py:240} INFO - Task exited with return code 1
[2026-05-09T15:48:23.641+0000] {taskinstance.py:3498} INFO - 0 downstream tasks scheduled from follow-on schedule check
[2026-05-09T15:48:23.644+0000] {local_task_job_runner.py:222} INFO - ::endgroup::
