[2026-05-05T13:13:56.629+0000] {local_task_job_runner.py:120} INFO - ::group::Pre task execution logs
[2026-05-05T13:13:56.689+0000] {taskinstance.py:2076} INFO - Dependencies all met for dep_context=non-requeueable deps ti=<TaskInstance: weather_etl_pipeline.load manual__2026-05-05T13:08:32.699304+00:00 [queued]>
[2026-05-05T13:13:56.709+0000] {taskinstance.py:2076} INFO - Dependencies all met for dep_context=requeueable deps ti=<TaskInstance: weather_etl_pipeline.load manual__2026-05-05T13:08:32.699304+00:00 [queued]>
[2026-05-05T13:13:56.711+0000] {taskinstance.py:2306} INFO - Starting attempt 1 of 3
[2026-05-05T13:13:56.753+0000] {taskinstance.py:2330} INFO - Executing <Task(PythonOperator): load> on 2026-05-05 13:08:32.699304+00:00
[2026-05-05T13:13:56.772+0000] {warnings.py:110} WARNING - /home/***/.local/lib/python3.12/site-packages/***/task/task_runner/standard_task_runner.py:61: DeprecationWarning: This process (pid=938) is multi-threaded, use of fork() may lead to deadlocks in the child.
  pid = os.fork()

[2026-05-05T13:13:56.779+0000] {standard_task_runner.py:63} INFO - Started process 955 to run task
[2026-05-05T13:13:56.778+0000] {standard_task_runner.py:90} INFO - Running: ['***', 'tasks', 'run', 'weather_etl_pipeline', 'load', 'manual__2026-05-05T13:08:32.699304+00:00', '--job-id', '50', '--raw', '--subdir', 'DAGS_FOLDER/etl_dags.py', '--cfg-path', '/tmp/tmpns53adwp']
[2026-05-05T13:13:56.782+0000] {standard_task_runner.py:91} INFO - Job 50: Subtask load
[2026-05-05T13:13:56.906+0000] {task_command.py:426} INFO - Running <TaskInstance: weather_etl_pipeline.load manual__2026-05-05T13:08:32.699304+00:00 [running]> on host 400974db6468
[2026-05-05T13:13:57.163+0000] {taskinstance.py:2648} INFO - Exporting env vars: AIRFLOW_CTX_DAG_OWNER='***' AIRFLOW_CTX_DAG_ID='weather_etl_pipeline' AIRFLOW_CTX_TASK_ID='load' AIRFLOW_CTX_EXECUTION_DATE='2026-05-05T13:08:32.699304+00:00' AIRFLOW_CTX_TRY_NUMBER='1' AIRFLOW_CTX_DAG_RUN_ID='manual__2026-05-05T13:08:32.699304+00:00'
[2026-05-05T13:13:57.166+0000] {taskinstance.py:430} INFO - ::endgroup::
[2026-05-05T13:13:57.245+0000] {logging_mixin.py:188} INFO - Rows in weather table: 31
[2026-05-05T13:13:57.267+0000] {python.py:237} INFO - Done. Returned value was: None
[2026-05-05T13:13:57.270+0000] {taskinstance.py:441} INFO - ::group::Post task execution logs
[2026-05-05T13:13:57.290+0000] {taskinstance.py:1206} INFO - Marking task as SUCCESS. dag_id=weather_etl_pipeline, task_id=load, run_id=manual__2026-05-05T13:08:32.699304+00:00, execution_date=20260505T130832, start_date=20260505T131356, end_date=20260505T131357
[2026-05-05T13:13:57.360+0000] {local_task_job_runner.py:240} INFO - Task exited with return code 0
[2026-05-05T13:13:57.391+0000] {taskinstance.py:3498} INFO - 0 downstream tasks scheduled from follow-on schedule check
[2026-05-05T13:13:57.395+0000] {local_task_job_runner.py:222} INFO - ::endgroup::
