[2026-05-05T13:09:29.278+0000] {local_task_job_runner.py:120} INFO - ::group::Pre task execution logs
[2026-05-05T13:09:29.318+0000] {taskinstance.py:2076} INFO - Dependencies all met for dep_context=non-requeueable deps ti=<TaskInstance: weather_etl_pipeline.transform manual__2026-05-05T13:04:14.895765+00:00 [queued]>
[2026-05-05T13:09:29.332+0000] {taskinstance.py:2076} INFO - Dependencies all met for dep_context=requeueable deps ti=<TaskInstance: weather_etl_pipeline.transform manual__2026-05-05T13:04:14.895765+00:00 [queued]>
[2026-05-05T13:09:29.333+0000] {taskinstance.py:2306} INFO - Starting attempt 1 of 3
[2026-05-05T13:09:29.359+0000] {taskinstance.py:2330} INFO - Executing <Task(PythonOperator): transform> on 2026-05-05 13:04:14.895765+00:00
[2026-05-05T13:09:29.370+0000] {warnings.py:110} WARNING - /home/***/.local/lib/python3.12/site-packages/***/task/task_runner/standard_task_runner.py:61: DeprecationWarning: This process (pid=706) is multi-threaded, use of fork() may lead to deadlocks in the child.
  pid = os.fork()

[2026-05-05T13:09:29.374+0000] {standard_task_runner.py:63} INFO - Started process 730 to run task
[2026-05-05T13:09:29.375+0000] {standard_task_runner.py:90} INFO - Running: ['***', 'tasks', 'run', 'weather_etl_pipeline', 'transform', 'manual__2026-05-05T13:04:14.895765+00:00', '--job-id', '42', '--raw', '--subdir', 'DAGS_FOLDER/etl_dags.py', '--cfg-path', '/tmp/tmpzkwacdk2']
[2026-05-05T13:09:29.377+0000] {standard_task_runner.py:91} INFO - Job 42: Subtask transform
[2026-05-05T13:09:29.516+0000] {task_command.py:426} INFO - Running <TaskInstance: weather_etl_pipeline.transform manual__2026-05-05T13:04:14.895765+00:00 [running]> on host 400974db6468
[2026-05-05T13:09:29.788+0000] {taskinstance.py:2648} INFO - Exporting env vars: AIRFLOW_CTX_DAG_OWNER='***' AIRFLOW_CTX_DAG_ID='weather_etl_pipeline' AIRFLOW_CTX_TASK_ID='transform' AIRFLOW_CTX_EXECUTION_DATE='2026-05-05T13:04:14.895765+00:00' AIRFLOW_CTX_TRY_NUMBER='1' AIRFLOW_CTX_DAG_RUN_ID='manual__2026-05-05T13:04:14.895765+00:00'
[2026-05-05T13:09:29.793+0000] {taskinstance.py:430} INFO - ::endgroup::
[2026-05-05T13:09:29.868+0000] {python.py:237} INFO - Done. Returned value was:           date T_moyenne
0   2024-01-01      5.12
1   2024-01-02      6.76
2   2024-01-03      9.15
3   2024-01-04      7.37
4   2024-01-05      6.75
5   2024-01-06      4.77
6   2024-01-07      3.41
7   2024-01-08     -0.02
8   2024-01-09     -0.60
9   2024-01-10      0.25
10  2024-01-11     -0.07
11  2024-01-12     -1.12
12  2024-01-13     -1.88
13  2024-01-14     -0.75
14  2024-01-15      1.08
15  2024-01-16     -0.44
16  2024-01-17      9.21
17  2024-01-18      7.07
18  2024-01-19     -0.96
19  2024-01-20     -2.78
20  2024-01-21      1.22
21  2024-01-22      4.36
22  2024-01-23      4.95
23  2024-01-24      7.18
24  2024-01-25      6.58
25  2024-01-26      8.58
26  2024-01-27      5.12
27  2024-01-28      7.70
28  2024-01-29      9.56
29  2024-01-30      7.90
30  2024-01-31      6.24
[2026-05-05T13:09:29.893+0000] {taskinstance.py:441} INFO - ::group::Post task execution logs
[2026-05-05T13:09:29.991+0000] {taskinstance.py:1206} INFO - Marking task as SUCCESS. dag_id=weather_etl_pipeline, task_id=transform, run_id=manual__2026-05-05T13:04:14.895765+00:00, execution_date=20260505T130414, start_date=20260505T130929, end_date=20260505T130929
[2026-05-05T13:09:30.073+0000] {local_task_job_runner.py:240} INFO - Task exited with return code 0
[2026-05-05T13:09:30.132+0000] {taskinstance.py:3498} INFO - 1 downstream tasks scheduled from follow-on schedule check
[2026-05-05T13:09:30.135+0000] {local_task_job_runner.py:222} INFO - ::endgroup::
