[2026-05-05T13:06:45.477+0000] {local_task_job_runner.py:120} INFO - ::group::Pre task execution logs
[2026-05-05T13:06:45.595+0000] {taskinstance.py:2076} INFO - Dependencies all met for dep_context=non-requeueable deps ti=<TaskInstance: weather_etl_pipeline.extract manual__2026-05-05T13:06:38.882620+00:00 [queued]>
[2026-05-05T13:06:45.621+0000] {taskinstance.py:2076} INFO - Dependencies all met for dep_context=requeueable deps ti=<TaskInstance: weather_etl_pipeline.extract manual__2026-05-05T13:06:38.882620+00:00 [queued]>
[2026-05-05T13:06:45.623+0000] {taskinstance.py:2306} INFO - Starting attempt 1 of 3
[2026-05-05T13:06:45.661+0000] {taskinstance.py:2330} INFO - Executing <Task(PythonOperator): extract> on 2026-05-05 13:06:38.882620+00:00
[2026-05-05T13:06:45.674+0000] {warnings.py:110} WARNING - /home/***/.local/lib/python3.12/site-packages/***/task/task_runner/standard_task_runner.py:61: DeprecationWarning: This process (pid=583) is multi-threaded, use of fork() may lead to deadlocks in the child.
  pid = os.fork()

[2026-05-05T13:06:45.679+0000] {standard_task_runner.py:63} INFO - Started process 600 to run task
[2026-05-05T13:06:45.681+0000] {standard_task_runner.py:90} INFO - Running: ['***', 'tasks', 'run', 'weather_etl_pipeline', 'extract', 'manual__2026-05-05T13:06:38.882620+00:00', '--job-id', '37', '--raw', '--subdir', 'DAGS_FOLDER/etl_dags.py', '--cfg-path', '/tmp/tmpx93ei3iv']
[2026-05-05T13:06:45.684+0000] {standard_task_runner.py:91} INFO - Job 37: Subtask extract
[2026-05-05T13:06:45.846+0000] {task_command.py:426} INFO - Running <TaskInstance: weather_etl_pipeline.extract manual__2026-05-05T13:06:38.882620+00:00 [running]> on host 400974db6468
[2026-05-05T13:06:46.042+0000] {taskinstance.py:2648} INFO - Exporting env vars: AIRFLOW_CTX_DAG_OWNER='***' AIRFLOW_CTX_DAG_ID='weather_etl_pipeline' AIRFLOW_CTX_TASK_ID='extract' AIRFLOW_CTX_EXECUTION_DATE='2026-05-05T13:06:38.882620+00:00' AIRFLOW_CTX_TRY_NUMBER='1' AIRFLOW_CTX_DAG_RUN_ID='manual__2026-05-05T13:06:38.882620+00:00'
[2026-05-05T13:06:46.046+0000] {taskinstance.py:430} INFO - ::endgroup::
[2026-05-05T13:06:46.408+0000] {python.py:237} INFO - Done. Returned value was:                  time  temperature_2m
0    2024-01-01T00:00             4.1
1    2024-01-01T01:00             3.2
2    2024-01-01T02:00             3.0
3    2024-01-01T03:00             2.8
4    2024-01-01T04:00             3.1
..                ...             ...
739  2024-01-31T19:00             5.9
740  2024-01-31T20:00             6.0
741  2024-01-31T21:00             5.0
742  2024-01-31T22:00             4.6
743  2024-01-31T23:00             4.0

[744 rows x 2 columns]
[2026-05-05T13:06:46.497+0000] {taskinstance.py:441} INFO - ::group::Post task execution logs
[2026-05-05T13:06:46.993+0000] {taskinstance.py:1206} INFO - Marking task as SUCCESS. dag_id=weather_etl_pipeline, task_id=extract, run_id=manual__2026-05-05T13:06:38.882620+00:00, execution_date=20260505T130638, start_date=20260505T130645, end_date=20260505T130646
[2026-05-05T13:06:47.075+0000] {local_task_job_runner.py:240} INFO - Task exited with return code 0
[2026-05-05T13:06:47.144+0000] {taskinstance.py:3498} INFO - 1 downstream tasks scheduled from follow-on schedule check
[2026-05-05T13:06:47.149+0000] {local_task_job_runner.py:222} INFO - ::endgroup::
