[2026-05-09T16:32:54.879+0000] {local_task_job_runner.py:120} INFO - ::group::Pre task execution logs
[2026-05-09T16:32:54.898+0000] {taskinstance.py:2076} INFO - Dependencies all met for dep_context=non-requeueable deps ti=<TaskInstance: weather_etl_pipeline.transform manual__2026-05-09T16:32:49.849674+00:00 [queued]>
[2026-05-09T16:32:54.906+0000] {taskinstance.py:2076} INFO - Dependencies all met for dep_context=requeueable deps ti=<TaskInstance: weather_etl_pipeline.transform manual__2026-05-09T16:32:49.849674+00:00 [queued]>
[2026-05-09T16:32:54.906+0000] {taskinstance.py:2306} INFO - Starting attempt 1 of 3
[2026-05-09T16:32:54.918+0000] {taskinstance.py:2330} INFO - Executing <Task(PythonOperator): transform> on 2026-05-09 16:32:49.849674+00:00
[2026-05-09T16:32:54.926+0000] {warnings.py:110} WARNING - /home/***/.local/lib/python3.12/site-packages/***/task/task_runner/standard_task_runner.py:61: DeprecationWarning: This process (pid=129) is multi-threaded, use of fork() may lead to deadlocks in the child.
  pid = os.fork()

[2026-05-09T16:32:54.927+0000] {standard_task_runner.py:90} INFO - Running: ['***', 'tasks', 'run', 'weather_etl_pipeline', 'transform', 'manual__2026-05-09T16:32:49.849674+00:00', '--job-id', '181', '--raw', '--subdir', 'DAGS_FOLDER/etl_dags.py', '--cfg-path', '/tmp/tmpk2ewdeaf']
[2026-05-09T16:32:54.928+0000] {standard_task_runner.py:63} INFO - Started process 146 to run task
[2026-05-09T16:32:54.929+0000] {standard_task_runner.py:91} INFO - Job 181: Subtask transform
[2026-05-09T16:32:54.966+0000] {task_command.py:426} INFO - Running <TaskInstance: weather_etl_pipeline.transform manual__2026-05-09T16:32:49.849674+00:00 [running]> on host 6e19a122f52b
[2026-05-09T16:32:55.046+0000] {taskinstance.py:2648} INFO - Exporting env vars: AIRFLOW_CTX_DAG_OWNER='***' AIRFLOW_CTX_DAG_ID='weather_etl_pipeline' AIRFLOW_CTX_TASK_ID='transform' AIRFLOW_CTX_EXECUTION_DATE='2026-05-09T16:32:49.849674+00:00' AIRFLOW_CTX_TRY_NUMBER='1' AIRFLOW_CTX_DAG_RUN_ID='manual__2026-05-09T16:32:49.849674+00:00'
[2026-05-09T16:32:55.047+0000] {taskinstance.py:430} INFO - ::endgroup::
[2026-05-09T16:32:55.063+0000] {python.py:237} INFO - Done. Returned value was:          date T_moyenne
0  2026-05-09     16.89
[2026-05-09T16:32:55.069+0000] {taskinstance.py:441} INFO - ::group::Post task execution logs
[2026-05-09T16:32:55.100+0000] {taskinstance.py:1206} INFO - Marking task as SUCCESS. dag_id=weather_etl_pipeline, task_id=transform, run_id=manual__2026-05-09T16:32:49.849674+00:00, execution_date=20260509T163249, start_date=20260509T163254, end_date=20260509T163255
[2026-05-09T16:32:55.152+0000] {local_task_job_runner.py:240} INFO - Task exited with return code 0
[2026-05-09T16:32:55.174+0000] {taskinstance.py:3498} INFO - 1 downstream tasks scheduled from follow-on schedule check
[2026-05-09T16:32:55.176+0000] {local_task_job_runner.py:222} INFO - ::endgroup::
