[2026-05-06T18:48:32.067+0000] {local_task_job_runner.py:120} INFO - ::group::Pre task execution logs
[2026-05-06T18:48:32.085+0000] {taskinstance.py:2076} INFO - Dependencies all met for dep_context=non-requeueable deps ti=<TaskInstance: weather_etl_pipeline.load manual__2026-05-06T18:48:25.362291+00:00 [queued]>
[2026-05-06T18:48:32.091+0000] {taskinstance.py:2076} INFO - Dependencies all met for dep_context=requeueable deps ti=<TaskInstance: weather_etl_pipeline.load manual__2026-05-06T18:48:25.362291+00:00 [queued]>
[2026-05-06T18:48:32.092+0000] {taskinstance.py:2306} INFO - Starting attempt 1 of 3
[2026-05-06T18:48:32.104+0000] {taskinstance.py:2330} INFO - Executing <Task(PythonOperator): load> on 2026-05-06 18:48:25.362291+00:00
[2026-05-06T18:48:32.110+0000] {warnings.py:110} WARNING - /home/***/.local/lib/python3.12/site-packages/***/task/task_runner/standard_task_runner.py:61: DeprecationWarning: This process (pid=154) is multi-threaded, use of fork() may lead to deadlocks in the child.
  pid = os.fork()

[2026-05-06T18:48:32.112+0000] {standard_task_runner.py:63} INFO - Started process 171 to run task
[2026-05-06T18:48:32.112+0000] {standard_task_runner.py:90} INFO - Running: ['***', 'tasks', 'run', 'weather_etl_pipeline', 'load', 'manual__2026-05-06T18:48:25.362291+00:00', '--job-id', '98', '--raw', '--subdir', 'DAGS_FOLDER/etl_dags.py', '--cfg-path', '/tmp/tmp7aftsjhm']
[2026-05-06T18:48:32.113+0000] {standard_task_runner.py:91} INFO - Job 98: Subtask load
[2026-05-06T18:48:32.150+0000] {task_command.py:426} INFO - Running <TaskInstance: weather_etl_pipeline.load manual__2026-05-06T18:48:25.362291+00:00 [running]> on host 71a2df353973
[2026-05-06T18:48:32.240+0000] {taskinstance.py:2648} INFO - Exporting env vars: AIRFLOW_CTX_DAG_OWNER='***' AIRFLOW_CTX_DAG_ID='weather_etl_pipeline' AIRFLOW_CTX_TASK_ID='load' AIRFLOW_CTX_EXECUTION_DATE='2026-05-06T18:48:25.362291+00:00' AIRFLOW_CTX_TRY_NUMBER='1' AIRFLOW_CTX_DAG_RUN_ID='manual__2026-05-06T18:48:25.362291+00:00'
[2026-05-06T18:48:32.241+0000] {taskinstance.py:430} INFO - ::endgroup::
[2026-05-06T18:48:32.281+0000] {logging_mixin.py:188} INFO - Rows in weather table: 1
[2026-05-06T18:48:32.284+0000] {logging_mixin.py:188} INFO - [(datetime.date(2026, 5, 6), Decimal('11.84'))]
[2026-05-06T18:48:32.291+0000] {python.py:237} INFO - Done. Returned value was: None
[2026-05-06T18:48:32.291+0000] {taskinstance.py:441} INFO - ::group::Post task execution logs
[2026-05-06T18:48:32.300+0000] {taskinstance.py:1206} INFO - Marking task as SUCCESS. dag_id=weather_etl_pipeline, task_id=load, run_id=manual__2026-05-06T18:48:25.362291+00:00, execution_date=20260506T184825, start_date=20260506T184832, end_date=20260506T184832
[2026-05-06T18:48:32.326+0000] {local_task_job_runner.py:240} INFO - Task exited with return code 0
[2026-05-06T18:48:32.339+0000] {taskinstance.py:3498} INFO - 0 downstream tasks scheduled from follow-on schedule check
[2026-05-06T18:48:32.340+0000] {local_task_job_runner.py:222} INFO - ::endgroup::
