[2026-05-06T22:00:09.499+0000] {local_task_job_runner.py:120} INFO - ::group::Pre task execution logs
[2026-05-06T22:00:09.531+0000] {taskinstance.py:2076} INFO - Dependencies all met for dep_context=non-requeueable deps ti=<TaskInstance: weather_etl_pipeline.load scheduled__2026-05-06T21:00:00+00:00 [queued]>
[2026-05-06T22:00:09.542+0000] {taskinstance.py:2076} INFO - Dependencies all met for dep_context=requeueable deps ti=<TaskInstance: weather_etl_pipeline.load scheduled__2026-05-06T21:00:00+00:00 [queued]>
[2026-05-06T22:00:09.544+0000] {taskinstance.py:2306} INFO - Starting attempt 1 of 3
[2026-05-06T22:00:09.567+0000] {taskinstance.py:2330} INFO - Executing <Task(PythonOperator): load> on 2026-05-06 21:00:00+00:00
[2026-05-06T22:00:09.579+0000] {warnings.py:110} WARNING - /home/***/.local/lib/python3.12/site-packages/***/task/task_runner/standard_task_runner.py:61: DeprecationWarning: This process (pid=3006) is multi-threaded, use of fork() may lead to deadlocks in the child.
  pid = os.fork()

[2026-05-06T22:00:09.582+0000] {standard_task_runner.py:63} INFO - Started process 3023 to run task
[2026-05-06T22:00:09.586+0000] {standard_task_runner.py:90} INFO - Running: ['***', 'tasks', 'run', 'weather_etl_pipeline', 'load', 'scheduled__2026-05-06T21:00:00+00:00', '--job-id', '110', '--raw', '--subdir', 'DAGS_FOLDER/etl_dags.py', '--cfg-path', '/tmp/tmp4d7v15ng']
[2026-05-06T22:00:09.587+0000] {standard_task_runner.py:91} INFO - Job 110: Subtask load
[2026-05-06T22:00:09.659+0000] {task_command.py:426} INFO - Running <TaskInstance: weather_etl_pipeline.load scheduled__2026-05-06T21:00:00+00:00 [running]> on host 71a2df353973
[2026-05-06T22:00:09.767+0000] {taskinstance.py:2648} INFO - Exporting env vars: AIRFLOW_CTX_DAG_OWNER='***' AIRFLOW_CTX_DAG_ID='weather_etl_pipeline' AIRFLOW_CTX_TASK_ID='load' AIRFLOW_CTX_EXECUTION_DATE='2026-05-06T21:00:00+00:00' AIRFLOW_CTX_TRY_NUMBER='1' AIRFLOW_CTX_DAG_RUN_ID='scheduled__2026-05-06T21:00:00+00:00'
[2026-05-06T22:00:09.769+0000] {taskinstance.py:430} INFO - ::endgroup::
[2026-05-06T22:00:09.826+0000] {logging_mixin.py:188} INFO - Rows in weather table: 1
[2026-05-06T22:00:09.833+0000] {logging_mixin.py:188} INFO - [(datetime.date(2026, 5, 6), Decimal('11.84'))]
[2026-05-06T22:00:09.837+0000] {python.py:237} INFO - Done. Returned value was: None
[2026-05-06T22:00:09.838+0000] {taskinstance.py:441} INFO - ::group::Post task execution logs
[2026-05-06T22:00:09.850+0000] {taskinstance.py:1206} INFO - Marking task as SUCCESS. dag_id=weather_etl_pipeline, task_id=load, run_id=scheduled__2026-05-06T21:00:00+00:00, execution_date=20260506T210000, start_date=20260506T220009, end_date=20260506T220009
[2026-05-06T22:00:09.878+0000] {local_task_job_runner.py:240} INFO - Task exited with return code 0
[2026-05-06T22:00:09.895+0000] {taskinstance.py:3498} INFO - 0 downstream tasks scheduled from follow-on schedule check
[2026-05-06T22:00:09.899+0000] {local_task_job_runner.py:222} INFO - ::endgroup::
