[2026-05-06T17:15:18.984+0000] {local_task_job_runner.py:120} INFO - ::group::Pre task execution logs
[2026-05-06T17:15:19.004+0000] {taskinstance.py:2076} INFO - Dependencies all met for dep_context=non-requeueable deps ti=<TaskInstance: weather_etl_pipeline.transform scheduled__2026-05-06T16:00:00+00:00 [queued]>
[2026-05-06T17:15:19.014+0000] {taskinstance.py:2076} INFO - Dependencies all met for dep_context=requeueable deps ti=<TaskInstance: weather_etl_pipeline.transform scheduled__2026-05-06T16:00:00+00:00 [queued]>
[2026-05-06T17:15:19.015+0000] {taskinstance.py:2306} INFO - Starting attempt 1 of 3
[2026-05-06T17:15:19.028+0000] {taskinstance.py:2330} INFO - Executing <Task(PythonOperator): transform> on 2026-05-06 16:00:00+00:00
[2026-05-06T17:15:19.034+0000] {warnings.py:110} WARNING - /home/***/.local/lib/python3.12/site-packages/***/task/task_runner/standard_task_runner.py:61: DeprecationWarning: This process (pid=242) is multi-threaded, use of fork() may lead to deadlocks in the child.
  pid = os.fork()

[2026-05-06T17:15:19.035+0000] {standard_task_runner.py:63} INFO - Started process 259 to run task
[2026-05-06T17:15:19.036+0000] {standard_task_runner.py:90} INFO - Running: ['***', 'tasks', 'run', 'weather_etl_pipeline', 'transform', 'scheduled__2026-05-06T16:00:00+00:00', '--job-id', '71', '--raw', '--subdir', 'DAGS_FOLDER/etl_dags.py', '--cfg-path', '/tmp/tmp65g8si7m']
[2026-05-06T17:15:19.036+0000] {standard_task_runner.py:91} INFO - Job 71: Subtask transform
[2026-05-06T17:15:19.089+0000] {task_command.py:426} INFO - Running <TaskInstance: weather_etl_pipeline.transform scheduled__2026-05-06T16:00:00+00:00 [running]> on host 0c6f23530f59
[2026-05-06T17:15:19.196+0000] {taskinstance.py:2648} INFO - Exporting env vars: AIRFLOW_CTX_DAG_OWNER='***' AIRFLOW_CTX_DAG_ID='weather_etl_pipeline' AIRFLOW_CTX_TASK_ID='transform' AIRFLOW_CTX_EXECUTION_DATE='2026-05-06T16:00:00+00:00' AIRFLOW_CTX_TRY_NUMBER='1' AIRFLOW_CTX_DAG_RUN_ID='scheduled__2026-05-06T16:00:00+00:00'
[2026-05-06T17:15:19.198+0000] {taskinstance.py:430} INFO - ::endgroup::
[2026-05-06T17:15:19.228+0000] {python.py:237} INFO - Done. Returned value was:          date T_moyenne
0  2026-05-06     12.01
[2026-05-06T17:15:19.235+0000] {taskinstance.py:441} INFO - ::group::Post task execution logs
[2026-05-06T17:15:19.271+0000] {taskinstance.py:1206} INFO - Marking task as SUCCESS. dag_id=weather_etl_pipeline, task_id=transform, run_id=scheduled__2026-05-06T16:00:00+00:00, execution_date=20260506T160000, start_date=20260506T171519, end_date=20260506T171519
[2026-05-06T17:15:19.293+0000] {local_task_job_runner.py:240} INFO - Task exited with return code 0
[2026-05-06T17:15:19.310+0000] {taskinstance.py:3498} INFO - 1 downstream tasks scheduled from follow-on schedule check
[2026-05-06T17:15:19.312+0000] {local_task_job_runner.py:222} INFO - ::endgroup::
