[2026-05-09T15:00:06.168+0000] {local_task_job_runner.py:120} INFO - ::group::Pre task execution logs
[2026-05-09T15:00:06.188+0000] {taskinstance.py:2076} INFO - Dependencies all met for dep_context=non-requeueable deps ti=<TaskInstance: weather_etl_pipeline.load scheduled__2026-05-09T14:00:00+00:00 [queued]>
[2026-05-09T15:00:06.195+0000] {taskinstance.py:2076} INFO - Dependencies all met for dep_context=requeueable deps ti=<TaskInstance: weather_etl_pipeline.load scheduled__2026-05-09T14:00:00+00:00 [queued]>
[2026-05-09T15:00:06.196+0000] {taskinstance.py:2306} INFO - Starting attempt 1 of 3
[2026-05-09T15:00:06.209+0000] {taskinstance.py:2330} INFO - Executing <Task(PythonOperator): load> on 2026-05-09 14:00:00+00:00
[2026-05-09T15:00:06.216+0000] {warnings.py:110} WARNING - /home/***/.local/lib/python3.12/site-packages/***/task/task_runner/standard_task_runner.py:61: DeprecationWarning: This process (pid=466) is multi-threaded, use of fork() may lead to deadlocks in the child.
  pid = os.fork()

[2026-05-09T15:00:06.217+0000] {standard_task_runner.py:90} INFO - Running: ['***', 'tasks', 'run', 'weather_etl_pipeline', 'load', 'scheduled__2026-05-09T14:00:00+00:00', '--job-id', '144', '--raw', '--subdir', 'DAGS_FOLDER/etl_dags.py', '--cfg-path', '/tmp/tmp0s7y4dgf']
[2026-05-09T15:00:06.218+0000] {standard_task_runner.py:63} INFO - Started process 483 to run task
[2026-05-09T15:00:06.218+0000] {standard_task_runner.py:91} INFO - Job 144: Subtask load
[2026-05-09T15:00:06.265+0000] {task_command.py:426} INFO - Running <TaskInstance: weather_etl_pipeline.load scheduled__2026-05-09T14:00:00+00:00 [running]> on host 3227c3c962f6
[2026-05-09T15:00:06.360+0000] {taskinstance.py:2648} INFO - Exporting env vars: AIRFLOW_CTX_DAG_OWNER='***' AIRFLOW_CTX_DAG_ID='weather_etl_pipeline' AIRFLOW_CTX_TASK_ID='load' AIRFLOW_CTX_EXECUTION_DATE='2026-05-09T14:00:00+00:00' AIRFLOW_CTX_TRY_NUMBER='1' AIRFLOW_CTX_DAG_RUN_ID='scheduled__2026-05-09T14:00:00+00:00'
[2026-05-09T15:00:06.361+0000] {taskinstance.py:430} INFO - ::endgroup::
[2026-05-09T15:00:06.402+0000] {logging_mixin.py:188} INFO - Rows in weather table: 1
[2026-05-09T15:00:06.405+0000] {logging_mixin.py:188} INFO - [(datetime.date(2026, 5, 9), Decimal('16.89'))]
[2026-05-09T15:00:06.409+0000] {python.py:237} INFO - Done. Returned value was: None
[2026-05-09T15:00:06.409+0000] {taskinstance.py:441} INFO - ::group::Post task execution logs
[2026-05-09T15:00:06.424+0000] {taskinstance.py:1206} INFO - Marking task as SUCCESS. dag_id=weather_etl_pipeline, task_id=load, run_id=scheduled__2026-05-09T14:00:00+00:00, execution_date=20260509T140000, start_date=20260509T150006, end_date=20260509T150006
[2026-05-09T15:00:06.479+0000] {local_task_job_runner.py:240} INFO - Task exited with return code 0
[2026-05-09T15:00:06.505+0000] {taskinstance.py:3498} INFO - 1 downstream tasks scheduled from follow-on schedule check
[2026-05-09T15:00:06.507+0000] {local_task_job_runner.py:222} INFO - ::endgroup::
