[2026-05-06T21:00:06.705+0000] {local_task_job_runner.py:120} INFO - ::group::Pre task execution logs
[2026-05-06T21:00:06.725+0000] {taskinstance.py:2076} INFO - Dependencies all met for dep_context=non-requeueable deps ti=<TaskInstance: weather_etl_pipeline.load scheduled__2026-05-06T20:00:00+00:00 [queued]>
[2026-05-06T21:00:06.732+0000] {taskinstance.py:2076} INFO - Dependencies all met for dep_context=requeueable deps ti=<TaskInstance: weather_etl_pipeline.load scheduled__2026-05-06T20:00:00+00:00 [queued]>
[2026-05-06T21:00:06.733+0000] {taskinstance.py:2306} INFO - Starting attempt 1 of 3
[2026-05-06T21:00:06.745+0000] {taskinstance.py:2330} INFO - Executing <Task(PythonOperator): load> on 2026-05-06 20:00:00+00:00
[2026-05-06T21:00:06.754+0000] {warnings.py:110} WARNING - /home/***/.local/lib/python3.12/site-packages/***/task/task_runner/standard_task_runner.py:61: DeprecationWarning: This process (pid=2147) is multi-threaded, use of fork() may lead to deadlocks in the child.
  pid = os.fork()

[2026-05-06T21:00:06.756+0000] {standard_task_runner.py:90} INFO - Running: ['***', 'tasks', 'run', 'weather_etl_pipeline', 'load', 'scheduled__2026-05-06T20:00:00+00:00', '--job-id', '107', '--raw', '--subdir', 'DAGS_FOLDER/etl_dags.py', '--cfg-path', '/tmp/tmp2yz44kiw']
[2026-05-06T21:00:06.757+0000] {standard_task_runner.py:63} INFO - Started process 2164 to run task
[2026-05-06T21:00:06.758+0000] {standard_task_runner.py:91} INFO - Job 107: Subtask load
[2026-05-06T21:00:06.802+0000] {task_command.py:426} INFO - Running <TaskInstance: weather_etl_pipeline.load scheduled__2026-05-06T20:00:00+00:00 [running]> on host 71a2df353973
[2026-05-06T21:00:06.886+0000] {taskinstance.py:2648} INFO - Exporting env vars: AIRFLOW_CTX_DAG_OWNER='***' AIRFLOW_CTX_DAG_ID='weather_etl_pipeline' AIRFLOW_CTX_TASK_ID='load' AIRFLOW_CTX_EXECUTION_DATE='2026-05-06T20:00:00+00:00' AIRFLOW_CTX_TRY_NUMBER='1' AIRFLOW_CTX_DAG_RUN_ID='scheduled__2026-05-06T20:00:00+00:00'
[2026-05-06T21:00:06.889+0000] {taskinstance.py:430} INFO - ::endgroup::
[2026-05-06T21:00:06.936+0000] {logging_mixin.py:188} INFO - Rows in weather table: 1
[2026-05-06T21:00:06.942+0000] {logging_mixin.py:188} INFO - [(datetime.date(2026, 5, 6), Decimal('11.84'))]
[2026-05-06T21:00:06.946+0000] {python.py:237} INFO - Done. Returned value was: None
[2026-05-06T21:00:06.946+0000] {taskinstance.py:441} INFO - ::group::Post task execution logs
[2026-05-06T21:00:06.954+0000] {taskinstance.py:1206} INFO - Marking task as SUCCESS. dag_id=weather_etl_pipeline, task_id=load, run_id=scheduled__2026-05-06T20:00:00+00:00, execution_date=20260506T200000, start_date=20260506T210006, end_date=20260506T210006
[2026-05-06T21:00:07.013+0000] {local_task_job_runner.py:240} INFO - Task exited with return code 0
[2026-05-06T21:00:07.030+0000] {taskinstance.py:3498} INFO - 0 downstream tasks scheduled from follow-on schedule check
[2026-05-06T21:00:07.033+0000] {local_task_job_runner.py:222} INFO - ::endgroup::
