[2026-05-06T17:00:02.824+0000] {local_task_job_runner.py:120} INFO - ::group::Pre task execution logs
[2026-05-06T17:00:02.846+0000] {taskinstance.py:2076} INFO - Dependencies all met for dep_context=non-requeueable deps ti=<TaskInstance: weather_etl_pipeline.extract scheduled__2026-05-06T16:00:00+00:00 [queued]>
[2026-05-06T17:00:02.853+0000] {taskinstance.py:2076} INFO - Dependencies all met for dep_context=requeueable deps ti=<TaskInstance: weather_etl_pipeline.extract scheduled__2026-05-06T16:00:00+00:00 [queued]>
[2026-05-06T17:00:02.854+0000] {taskinstance.py:2306} INFO - Starting attempt 1 of 3
[2026-05-06T17:00:02.868+0000] {taskinstance.py:2330} INFO - Executing <Task(PythonOperator): extract> on 2026-05-06 16:00:00+00:00
[2026-05-06T17:00:02.876+0000] {warnings.py:110} WARNING - /home/***/.local/lib/python3.12/site-packages/***/task/task_runner/standard_task_runner.py:61: DeprecationWarning: This process (pid=1627) is multi-threaded, use of fork() may lead to deadlocks in the child.
  pid = os.fork()

[2026-05-06T17:00:02.878+0000] {standard_task_runner.py:63} INFO - Started process 1644 to run task
[2026-05-06T17:00:02.878+0000] {standard_task_runner.py:90} INFO - Running: ['***', 'tasks', 'run', 'weather_etl_pipeline', 'extract', 'scheduled__2026-05-06T16:00:00+00:00', '--job-id', '66', '--raw', '--subdir', 'DAGS_FOLDER/etl_dags.py', '--cfg-path', '/tmp/tmp9hk4c724']
[2026-05-06T17:00:02.880+0000] {standard_task_runner.py:91} INFO - Job 66: Subtask extract
[2026-05-06T17:00:02.934+0000] {task_command.py:426} INFO - Running <TaskInstance: weather_etl_pipeline.extract scheduled__2026-05-06T16:00:00+00:00 [running]> on host 8b3371edf3c5
[2026-05-06T17:00:03.034+0000] {taskinstance.py:2648} INFO - Exporting env vars: AIRFLOW_CTX_DAG_OWNER='***' AIRFLOW_CTX_DAG_ID='weather_etl_pipeline' AIRFLOW_CTX_TASK_ID='extract' AIRFLOW_CTX_EXECUTION_DATE='2026-05-06T16:00:00+00:00' AIRFLOW_CTX_TRY_NUMBER='1' AIRFLOW_CTX_DAG_RUN_ID='scheduled__2026-05-06T16:00:00+00:00'
[2026-05-06T17:00:03.036+0000] {taskinstance.py:430} INFO - ::endgroup::
[2026-05-06T17:00:03.280+0000] {taskinstance.py:441} INFO - ::group::Post task execution logs
[2026-05-06T17:00:03.280+0000] {taskinstance.py:2905} ERROR - Task failed with exception
Traceback (most recent call last):
  File "/home/airflow/.local/lib/python3.12/site-packages/airflow/models/taskinstance.py", line 465, in _execute_task
    result = _execute_callable(context=context, **execute_callable_kwargs)
             ^^^^^^^^^^^^^^^^^^^^^^^^^^^^^^^^^^^^^^^^^^^^^^^^^^^^^^^^^^^^^
  File "/home/airflow/.local/lib/python3.12/site-packages/airflow/models/taskinstance.py", line 432, in _execute_callable
    return execute_callable(context=context, **execute_callable_kwargs)
           ^^^^^^^^^^^^^^^^^^^^^^^^^^^^^^^^^^^^^^^^^^^^^^^^^^^^^^^^^^^^
  File "/home/airflow/.local/lib/python3.12/site-packages/airflow/models/baseoperator.py", line 400, in wrapper
    return func(self, *args, **kwargs)
           ^^^^^^^^^^^^^^^^^^^^^^^^^^^
  File "/home/airflow/.local/lib/python3.12/site-packages/airflow/operators/python.py", line 235, in execute
    return_value = self.execute_callable()
                   ^^^^^^^^^^^^^^^^^^^^^^^
  File "/home/airflow/.local/lib/python3.12/site-packages/airflow/operators/python.py", line 252, in execute_callable
    return self.python_callable(*self.op_args, **self.op_kwargs)
           ^^^^^^^^^^^^^^^^^^^^^^^^^^^^^^^^^^^^^^^^^^^^^^^^^^^^^
  File "/opt/airflow/scripts/extract.py", line 60, in extract
    df.to_csv("data/raw_weather_data.csv", index=False)
  File "/home/airflow/.local/lib/python3.12/site-packages/pandas/core/generic.py", line 3902, in to_csv
    return DataFrameRenderer(formatter).to_csv(
           ^^^^^^^^^^^^^^^^^^^^^^^^^^^^^^^^^^^^
  File "/home/airflow/.local/lib/python3.12/site-packages/pandas/io/formats/format.py", line 1152, in to_csv
    csv_formatter.save()
  File "/home/airflow/.local/lib/python3.12/site-packages/pandas/io/formats/csvs.py", line 247, in save
    with get_handle(
         ^^^^^^^^^^^
  File "/home/airflow/.local/lib/python3.12/site-packages/pandas/io/common.py", line 739, in get_handle
    check_parent_directory(str(handle))
  File "/home/airflow/.local/lib/python3.12/site-packages/pandas/io/common.py", line 604, in check_parent_directory
    raise OSError(rf"Cannot save file into a non-existent directory: '{parent}'")
OSError: Cannot save file into a non-existent directory: 'data'
[2026-05-06T17:00:03.300+0000] {taskinstance.py:1206} INFO - Marking task as UP_FOR_RETRY. dag_id=weather_etl_pipeline, task_id=extract, run_id=scheduled__2026-05-06T16:00:00+00:00, execution_date=20260506T160000, start_date=20260506T170002, end_date=20260506T170003
[2026-05-06T17:00:03.311+0000] {standard_task_runner.py:110} ERROR - Failed to execute job 66 for task extract (Cannot save file into a non-existent directory: 'data'; 1644)
[2026-05-06T17:00:03.349+0000] {local_task_job_runner.py:240} INFO - Task exited with return code 1
[2026-05-06T17:00:03.371+0000] {taskinstance.py:3498} INFO - 0 downstream tasks scheduled from follow-on schedule check
[2026-05-06T17:00:03.373+0000] {local_task_job_runner.py:222} INFO - ::endgroup::
