[2026-05-06T17:25:39.500+0000] {local_task_job_runner.py:120} INFO - ::group::Pre task execution logs
[2026-05-06T17:25:39.526+0000] {taskinstance.py:2076} INFO - Dependencies all met for dep_context=non-requeueable deps ti=<TaskInstance: weather_etl_pipeline.load scheduled__2026-05-06T16:00:00+00:00 [queued]>
[2026-05-06T17:25:39.534+0000] {taskinstance.py:2076} INFO - Dependencies all met for dep_context=requeueable deps ti=<TaskInstance: weather_etl_pipeline.load scheduled__2026-05-06T16:00:00+00:00 [queued]>
[2026-05-06T17:25:39.535+0000] {taskinstance.py:2306} INFO - Starting attempt 3 of 3
[2026-05-06T17:25:39.548+0000] {taskinstance.py:2330} INFO - Executing <Task(PythonOperator): load> on 2026-05-06 16:00:00+00:00
[2026-05-06T17:25:39.557+0000] {warnings.py:110} WARNING - /home/***/.local/lib/python3.12/site-packages/***/task/task_runner/standard_task_runner.py:61: DeprecationWarning: This process (pid=88) is multi-threaded, use of fork() may lead to deadlocks in the child.
  pid = os.fork()

[2026-05-06T17:25:39.559+0000] {standard_task_runner.py:63} INFO - Started process 106 to run task
[2026-05-06T17:25:39.559+0000] {standard_task_runner.py:90} INFO - Running: ['***', 'tasks', 'run', 'weather_etl_pipeline', 'load', 'scheduled__2026-05-06T16:00:00+00:00', '--job-id', '80', '--raw', '--subdir', 'DAGS_FOLDER/etl_dags.py', '--cfg-path', '/tmp/tmpiild6k87']
[2026-05-06T17:25:39.560+0000] {standard_task_runner.py:91} INFO - Job 80: Subtask load
[2026-05-06T17:25:39.610+0000] {task_command.py:426} INFO - Running <TaskInstance: weather_etl_pipeline.load scheduled__2026-05-06T16:00:00+00:00 [running]> on host 0c6f23530f59
[2026-05-06T17:25:39.703+0000] {taskinstance.py:2648} INFO - Exporting env vars: AIRFLOW_CTX_DAG_OWNER='***' AIRFLOW_CTX_DAG_ID='weather_etl_pipeline' AIRFLOW_CTX_TASK_ID='load' AIRFLOW_CTX_EXECUTION_DATE='2026-05-06T16:00:00+00:00' AIRFLOW_CTX_TRY_NUMBER='3' AIRFLOW_CTX_DAG_RUN_ID='scheduled__2026-05-06T16:00:00+00:00'
[2026-05-06T17:25:39.705+0000] {taskinstance.py:430} INFO - ::endgroup::
[2026-05-06T17:25:39.714+0000] {taskinstance.py:441} INFO - ::group::Post task execution logs
[2026-05-06T17:25:39.715+0000] {taskinstance.py:2905} ERROR - Task failed with exception
Traceback (most recent call last):
  File "/home/airflow/.local/lib/python3.12/site-packages/airflow/models/taskinstance.py", line 465, in _execute_task
    result = _execute_callable(context=context, **execute_callable_kwargs)
             ^^^^^^^^^^^^^^^^^^^^^^^^^^^^^^^^^^^^^^^^^^^^^^^^^^^^^^^^^^^^^
  File "/home/airflow/.local/lib/python3.12/site-packages/airflow/models/taskinstance.py", line 432, in _execute_callable
    return execute_callable(context=context, **execute_callable_kwargs)
           ^^^^^^^^^^^^^^^^^^^^^^^^^^^^^^^^^^^^^^^^^^^^^^^^^^^^^^^^^^^^
  File "/home/airflow/.local/lib/python3.12/site-packages/airflow/models/baseoperator.py", line 400, in wrapper
    return func(self, *args, **kwargs)
           ^^^^^^^^^^^^^^^^^^^^^^^^^^^
  File "/home/airflow/.local/lib/python3.12/site-packages/airflow/operators/python.py", line 235, in execute
    return_value = self.execute_callable()
                   ^^^^^^^^^^^^^^^^^^^^^^^
  File "/home/airflow/.local/lib/python3.12/site-packages/airflow/operators/python.py", line 252, in execute_callable
    return self.python_callable(*self.op_args, **self.op_kwargs)
           ^^^^^^^^^^^^^^^^^^^^^^^^^^^^^^^^^^^^^^^^^^^^^^^^^^^^^
  File "/opt/airflow/scripts/load.py", line 7, in load
    df = df[["time","T_moyenne"]]
         ~~^^^^^^^^^^^^^^^^^^^^^^
  File "/home/airflow/.local/lib/python3.12/site-packages/pandas/core/frame.py", line 3899, in __getitem__
    indexer = self.columns._get_indexer_strict(key, "columns")[1]
              ^^^^^^^^^^^^^^^^^^^^^^^^^^^^^^^^^^^^^^^^^^^^^^^^
  File "/home/airflow/.local/lib/python3.12/site-packages/pandas/core/indexes/base.py", line 6115, in _get_indexer_strict
    self._raise_if_missing(keyarr, indexer, axis_name)
  File "/home/airflow/.local/lib/python3.12/site-packages/pandas/core/indexes/base.py", line 6179, in _raise_if_missing
    raise KeyError(f"{not_found} not in index")
KeyError: "['time'] not in index"
[2026-05-06T17:25:39.731+0000] {taskinstance.py:1206} INFO - Marking task as FAILED. dag_id=weather_etl_pipeline, task_id=load, run_id=scheduled__2026-05-06T16:00:00+00:00, execution_date=20260506T160000, start_date=20260506T172539, end_date=20260506T172539
[2026-05-06T17:25:39.743+0000] {standard_task_runner.py:110} ERROR - Failed to execute job 80 for task load ("['time'] not in index"; 106)
[2026-05-06T17:25:39.784+0000] {local_task_job_runner.py:240} INFO - Task exited with return code 1
[2026-05-06T17:25:39.799+0000] {taskinstance.py:3498} INFO - 0 downstream tasks scheduled from follow-on schedule check
[2026-05-06T17:25:39.802+0000] {local_task_job_runner.py:222} INFO - ::endgroup::
