[2026-05-09T15:10:11.728+0000] {local_task_job_runner.py:120} INFO - ::group::Pre task execution logs
[2026-05-09T15:10:11.745+0000] {taskinstance.py:2076} INFO - Dependencies all met for dep_context=non-requeueable deps ti=<TaskInstance: weather_etl_pipeline.check_data scheduled__2026-05-09T14:00:00+00:00 [queued]>
[2026-05-09T15:10:11.751+0000] {taskinstance.py:2076} INFO - Dependencies all met for dep_context=requeueable deps ti=<TaskInstance: weather_etl_pipeline.check_data scheduled__2026-05-09T14:00:00+00:00 [queued]>
[2026-05-09T15:10:11.752+0000] {taskinstance.py:2306} INFO - Starting attempt 3 of 3
[2026-05-09T15:10:11.763+0000] {taskinstance.py:2330} INFO - Executing <Task(PythonOperator): check_data> on 2026-05-09 14:00:00+00:00
[2026-05-09T15:10:11.769+0000] {warnings.py:110} WARNING - /home/***/.local/lib/python3.12/site-packages/***/task/task_runner/standard_task_runner.py:61: DeprecationWarning: This process (pid=776) is multi-threaded, use of fork() may lead to deadlocks in the child.
  pid = os.fork()

[2026-05-09T15:10:11.770+0000] {standard_task_runner.py:90} INFO - Running: ['***', 'tasks', 'run', 'weather_etl_pipeline', 'check_data', 'scheduled__2026-05-09T14:00:00+00:00', '--job-id', '149', '--raw', '--subdir', 'DAGS_FOLDER/etl_dags.py', '--cfg-path', '/tmp/tmppzs6jl1n']
[2026-05-09T15:10:11.770+0000] {standard_task_runner.py:63} INFO - Started process 793 to run task
[2026-05-09T15:10:11.771+0000] {standard_task_runner.py:91} INFO - Job 149: Subtask check_data
[2026-05-09T15:10:11.808+0000] {task_command.py:426} INFO - Running <TaskInstance: weather_etl_pipeline.check_data scheduled__2026-05-09T14:00:00+00:00 [running]> on host 3227c3c962f6
[2026-05-09T15:10:11.884+0000] {taskinstance.py:2648} INFO - Exporting env vars: AIRFLOW_CTX_DAG_OWNER='***' AIRFLOW_CTX_DAG_ID='weather_etl_pipeline' AIRFLOW_CTX_TASK_ID='check_data' AIRFLOW_CTX_EXECUTION_DATE='2026-05-09T14:00:00+00:00' AIRFLOW_CTX_TRY_NUMBER='3' AIRFLOW_CTX_DAG_RUN_ID='scheduled__2026-05-09T14:00:00+00:00'
[2026-05-09T15:10:11.885+0000] {taskinstance.py:430} INFO - ::endgroup::
[2026-05-09T15:10:11.886+0000] {taskinstance.py:441} INFO - ::group::Post task execution logs
[2026-05-09T15:10:11.887+0000] {taskinstance.py:2905} ERROR - Task failed with exception
Traceback (most recent call last):
  File "/home/airflow/.local/lib/python3.12/site-packages/airflow/models/taskinstance.py", line 465, in _execute_task
    result = _execute_callable(context=context, **execute_callable_kwargs)
             ^^^^^^^^^^^^^^^^^^^^^^^^^^^^^^^^^^^^^^^^^^^^^^^^^^^^^^^^^^^^^
  File "/home/airflow/.local/lib/python3.12/site-packages/airflow/models/taskinstance.py", line 432, in _execute_callable
    return execute_callable(context=context, **execute_callable_kwargs)
           ^^^^^^^^^^^^^^^^^^^^^^^^^^^^^^^^^^^^^^^^^^^^^^^^^^^^^^^^^^^^
  File "/home/airflow/.local/lib/python3.12/site-packages/airflow/models/baseoperator.py", line 400, in wrapper
    return func(self, *args, **kwargs)
           ^^^^^^^^^^^^^^^^^^^^^^^^^^^
  File "/home/airflow/.local/lib/python3.12/site-packages/airflow/operators/python.py", line 235, in execute
    return_value = self.execute_callable()
                   ^^^^^^^^^^^^^^^^^^^^^^^
  File "/home/airflow/.local/lib/python3.12/site-packages/airflow/operators/python.py", line 252, in execute_callable
    return self.python_callable(*self.op_args, **self.op_kwargs)
           ^^^^^^^^^^^^^^^^^^^^^^^^^^^^^^^^^^^^^^^^^^^^^^^^^^^^^
  File "/opt/airflow/scripts/check_data.py", line 10, in check_data
    con = duckdb.connect(DB_PATH)
          ^^^^^^^^^^^^^^^^^^^^^^^
_duckdb.InvalidInputException: Invalid Input Error: Please provide either a str or a pathlib.Path, not <class 'NoneType'>
[2026-05-09T15:10:11.898+0000] {taskinstance.py:1206} INFO - Marking task as FAILED. dag_id=weather_etl_pipeline, task_id=check_data, run_id=scheduled__2026-05-09T14:00:00+00:00, execution_date=20260509T140000, start_date=20260509T151011, end_date=20260509T151011
[2026-05-09T15:10:11.906+0000] {standard_task_runner.py:110} ERROR - Failed to execute job 149 for task check_data (Invalid Input Error: Please provide either a str or a pathlib.Path, not <class 'NoneType'>; 793)
[2026-05-09T15:10:11.948+0000] {local_task_job_runner.py:240} INFO - Task exited with return code 1
[2026-05-09T15:10:11.960+0000] {taskinstance.py:3498} INFO - 0 downstream tasks scheduled from follow-on schedule check
[2026-05-09T15:10:11.962+0000] {local_task_job_runner.py:222} INFO - ::endgroup::
