[2026-05-09T14:19:44.276+0000] {local_task_job_runner.py:120} INFO - ::group::Pre task execution logs
[2026-05-09T14:19:44.295+0000] {taskinstance.py:2076} INFO - Dependencies all met for dep_context=non-requeueable deps ti=<TaskInstance: weather_etl_pipeline.load scheduled__2026-05-09T13:00:00+00:00 [queued]>
[2026-05-09T14:19:44.304+0000] {taskinstance.py:2076} INFO - Dependencies all met for dep_context=requeueable deps ti=<TaskInstance: weather_etl_pipeline.load scheduled__2026-05-09T13:00:00+00:00 [queued]>
[2026-05-09T14:19:44.305+0000] {taskinstance.py:2306} INFO - Starting attempt 1 of 3
[2026-05-09T14:19:44.317+0000] {taskinstance.py:2330} INFO - Executing <Task(PythonOperator): load> on 2026-05-09 13:00:00+00:00
[2026-05-09T14:19:44.324+0000] {warnings.py:110} WARNING - /home/***/.local/lib/python3.12/site-packages/***/task/task_runner/standard_task_runner.py:61: DeprecationWarning: This process (pid=125) is multi-threaded, use of fork() may lead to deadlocks in the child.
  pid = os.fork()

[2026-05-09T14:19:44.326+0000] {standard_task_runner.py:63} INFO - Started process 142 to run task
[2026-05-09T14:19:44.326+0000] {standard_task_runner.py:90} INFO - Running: ['***', 'tasks', 'run', 'weather_etl_pipeline', 'load', 'scheduled__2026-05-09T13:00:00+00:00', '--job-id', '115', '--raw', '--subdir', 'DAGS_FOLDER/etl_dags.py', '--cfg-path', '/tmp/tmphti2tybo']
[2026-05-09T14:19:44.327+0000] {standard_task_runner.py:91} INFO - Job 115: Subtask load
[2026-05-09T14:19:44.368+0000] {task_command.py:426} INFO - Running <TaskInstance: weather_etl_pipeline.load scheduled__2026-05-09T13:00:00+00:00 [running]> on host 71a2df353973
[2026-05-09T14:19:44.452+0000] {taskinstance.py:2648} INFO - Exporting env vars: AIRFLOW_CTX_DAG_OWNER='***' AIRFLOW_CTX_DAG_ID='weather_etl_pipeline' AIRFLOW_CTX_TASK_ID='load' AIRFLOW_CTX_EXECUTION_DATE='2026-05-09T13:00:00+00:00' AIRFLOW_CTX_TRY_NUMBER='1' AIRFLOW_CTX_DAG_RUN_ID='scheduled__2026-05-09T13:00:00+00:00'
[2026-05-09T14:19:44.453+0000] {taskinstance.py:430} INFO - ::endgroup::
[2026-05-09T14:19:44.507+0000] {logging_mixin.py:188} INFO - Rows in weather table: 2
[2026-05-09T14:19:44.513+0000] {logging_mixin.py:188} INFO - [(datetime.date(2026, 5, 9), Decimal('16.89')), (datetime.date(2026, 5, 6), Decimal('11.84'))]
[2026-05-09T14:19:44.524+0000] {python.py:237} INFO - Done. Returned value was: None
[2026-05-09T14:19:44.524+0000] {taskinstance.py:441} INFO - ::group::Post task execution logs
[2026-05-09T14:19:44.533+0000] {taskinstance.py:1206} INFO - Marking task as SUCCESS. dag_id=weather_etl_pipeline, task_id=load, run_id=scheduled__2026-05-09T13:00:00+00:00, execution_date=20260509T130000, start_date=20260509T141944, end_date=20260509T141944
[2026-05-09T14:19:44.588+0000] {local_task_job_runner.py:240} INFO - Task exited with return code 0
[2026-05-09T14:19:44.601+0000] {taskinstance.py:3498} INFO - 0 downstream tasks scheduled from follow-on schedule check
[2026-05-09T14:19:44.603+0000] {local_task_job_runner.py:222} INFO - ::endgroup::
